aletsch-39.ensembl.chr1.(en+xx230+sc-human100+sc-xpress500&1066).joblib
max_cnt:  93
Load and Normalize:  smartseq3_ensembl_human_chr1_92-star (110106, 56)
Matched
0    74806
1    35300
Name: count, dtype: int64
Precision: 0.869
Recall: 0.836
ROC curve (area = 0.951)
              TP  Precision
sample_id                  
-1          70.0   0.496454
 0         261.0   0.836538
 1         179.0   0.881773
 2         435.0   0.790909
 3         467.0   0.779633
...          ...        ...
 87        102.0   0.902655
 88        232.0   0.811189
 89        298.0   0.798928
 90        357.0   0.868613
 91        379.0   0.799578

[93 rows x 2 columns]
Meta ROC curve (area = 0.844)
    Prob  True Positives  Precision  F1 score
0   0.00            3373        7.5  0.025120
1   0.05            3247       10.1  0.025429
2   0.10            2928       14.2  0.024005
3   0.15            2574       19.3  0.021753
4   0.20            2261       26.1  0.019490
5   0.25            1998       33.4  0.017424
6   0.30            1789       40.8  0.015711
7   0.35            1595       48.8  0.014076
8   0.40            1430       56.3  0.012661
9   0.45            1268       63.4  0.011253
10  0.50            1146       70.8  0.010188
11  0.55            1030       75.8  0.009167
12  0.60             927       82.5  0.008259
13  0.65             835       86.7  0.007445
14  0.70             749       90.5  0.006682
15  0.75             638       93.1  0.005695
16  0.80             540       95.2  0.004823
17  0.85             456       98.1  0.004075
18  0.90             371       99.5  0.003317
19  0.95             264       99.6  0.002361

----------transmeta----------
   true_positives_transmeta  precision_transmeta(%)  true_positives_Aletsch  precision_Aletsch(%)  +(abs,%)  Fscore_transmeta(%)
0                       906                    57.0                     906                  83.0      26.0                  0.8
1                       578                    83.4                     578                  94.6      11.2                  0.5
   precision_transmeta  true_positives_transmeta  precision_Aletsch  true_positives_Aletsch  +(rlt,%)  Fscore_transmeta(%)
0                0.570                       906               57.0                    1406      55.2                  0.8
1                0.834                       578               83.4                     896      55.0                  0.5
Area under the PR curve: 0.0031979396120990706
Aletsch rpAUC:
Area under the PR curve: 0.0036014639543669328

----------psiclass----------
   true_positives_psiclass  precision_psiclass(%)  true_positives_Aletsch  precision_Aletsch(%)  +(abs,%)  Fscore_psiclass(%)
0                      648                   35.2                     648                  93.1      57.9                 0.6
1                      224                   92.9                     224                 100.0       7.1                 0.2
   precision_psiclass  true_positives_psiclass  precision_Aletsch  true_positives_Aletsch  +(rlt,%)  Fscore_psiclass(%)
0               0.352                      648               35.2                    1958     202.2                 0.6
1               0.929                      224               92.9                     657     193.3                 0.2
Area under the PR curve: 0.0021744591593688997
Aletsch rpAUC:
Area under the PR curve: 0.0027365455168019055

----------st2merge----------
   true_positives_st2merge  precision_st2merge(%)  true_positives_Aletsch  precision_Aletsch(%)  +(abs,%)  Fscore_st2merge(%)
0                     1138                   20.5                    1138                  71.3      50.8                 1.0
1                     1138                   20.5                    1138                  71.3      50.8                 1.0
   precision_st2merge  true_positives_st2merge  precision_Aletsch  true_positives_Aletsch  +(rlt,%)  Fscore_st2merge(%)
0               0.205                     1138               20.5                    2513     120.8                 1.0
1               0.205                     1138               20.5                    2513     120.8                 1.0
Area under the PR curve: 0.002696741972456527
Aletsch rpAUC:
Area under the PR curve: 0.004655772039818675

----------sc2taco----------
   true_positives_sc2taco  precision_sc2taco(%)  true_positives_Aletsch  precision_Aletsch(%)  +(abs,%)  Fscore_sc2taco(%)
0                    1069                  22.4                    1069                  73.2      50.8                0.9
1                    1069                  22.4                    1069                  73.2      50.8                0.9
   precision_sc2taco  true_positives_sc2taco  precision_Aletsch  true_positives_Aletsch  +(rlt,%)  Fscore_sc2taco(%)
0              0.224                    1069               22.4                    2415     125.9                0.9
1              0.224                    1069               22.4                    2415     125.9                0.9
Area under the PR curve: 0.00024579594906785576
Aletsch rpAUC:
Area under the PR curve: 0.0007860843495774671
Aletsch pAUC:
Area under the PR curve: 0.004673677769557093
