aletsch-39.ensembl.allchrs.(en+xx230+sc-human192+sc-xpress500&1066).joblib
max_cnt:  93
Load and Normalize:  smartseq3_ensembl_human_chr1_92-star (110106, 56)
Matched
0    74806
1    35300
Name: count, dtype: int64
Precision: 0.859
Recall: 0.831
ROC curve (area = 0.948)
              TP  Precision
sample_id                  
-1          55.0   0.514019
 0         255.0   0.822581
 1         179.0   0.873171
 2         440.0   0.788530
 3         464.0   0.766942
...          ...        ...
 87        102.0   0.918919
 88        228.0   0.826087
 89        296.0   0.789333
 90        350.0   0.851582
 91        378.0   0.784232

[93 rows x 2 columns]
Meta ROC curve (area = 0.847)
    Prob  True Positives  Precision  F1 score
0   0.00            3373        7.5  0.025120
1   0.05            3320        9.5  0.025717
2   0.10            3025       13.2  0.024561
3   0.15            2727       17.6  0.022833
4   0.20            2389       23.3  0.020455
5   0.25            2089       30.6  0.018150
6   0.30            1823       38.4  0.015984
7   0.35            1586       45.6  0.013984
8   0.40            1401       53.4  0.012399
9   0.45            1231       61.2  0.010924
10  0.50            1099       67.8  0.009770
11  0.55             977       74.0  0.008697
12  0.60             879       80.0  0.007832
13  0.65             785       84.2  0.007000
14  0.70             698       87.7  0.006228
15  0.75             596       90.6  0.005321
16  0.80             521       93.9  0.004654
17  0.85             461       96.6  0.004119
18  0.90             389       98.0  0.003477
19  0.95             277       99.3  0.002477

----------transmeta----------
   true_positives_transmeta  precision_transmeta(%)  true_positives_Aletsch  precision_Aletsch(%)  +(abs,%)  Fscore_transmeta(%)
0                       906                    57.0                     906                  78.7      21.7                  0.8
1                       578                    83.4                     578                  91.6       8.2                  0.5
   precision_transmeta  true_positives_transmeta  precision_Aletsch  true_positives_Aletsch  +(rlt,%)  Fscore_transmeta(%)
0                0.570                       906               57.0                    1320      45.7                  0.8
1                0.834                       578               83.4                     829      43.4                  0.5
[0.969 0.973 0.981 0.984 0.98  0.979 0.973 0.963 0.928 0.897 0.871 0.848
 0.841 0.834 0.781 0.588 0.57 ] [0.00027758 0.00032236 0.0004701  0.00055069 0.00064919 0.00085066
 0.00112377 0.00129838 0.00167893 0.00207292 0.00226096 0.0024311
 0.00253855 0.0025878  0.00292358 0.00397124 0.0040563 ]
Area under the PR curve: 0.0031979396120990706
Aletsch rpAUC:
[1.         1.         1.         ... 0.78695652 0.78714162 0.78645833] [0.00027758 0.00028206 0.00028654 ... 0.00405183 0.0040563  0.0040563 ]
Area under the PR curve: 0.0035217764092924575

----------psiclass----------
   true_positives_psiclass  precision_psiclass(%)  true_positives_Aletsch  precision_Aletsch(%)  +(abs,%)  Fscore_psiclass(%)
0                      648                   35.2                     648                  88.9      53.7                 0.6
1                      224                   92.9                     224                  99.6       6.7                 0.2
   precision_psiclass  true_positives_psiclass  precision_Aletsch  true_positives_Aletsch  +(rlt,%)  Fscore_psiclass(%)
0               0.352                      648               35.2                    1921     196.5                 0.6
1               0.929                      224               93.0                     556     148.2                 0.2
[1.    1.    1.    1.    1.    1.    1.    1.    1.    1.    1.    1.
 1.    0.984 0.929 0.87  0.352] [0.00011641 0.00011641 0.00011641 0.00011641 0.00011641 0.00011641
 0.00011641 0.00011641 0.00011641 0.00011641 0.00011641 0.00012984
 0.0002149  0.0005686  0.00100288 0.00152223 0.0029012 ]
Area under the PR curve: 0.0021744591593688997
Aletsch rpAUC:
[1.         1.         1.         1.         1.         1.
 1.         1.         1.         1.         1.         1.
 1.         1.         1.         1.         1.         1.
 1.         1.         1.         1.         1.         1.
 1.         1.         1.         1.         1.         1.
 1.         1.         1.         1.         1.         1.
 1.         1.         1.         1.         1.         1.
 1.         1.         1.         1.         1.         1.
 1.         1.         1.         1.         1.         1.
 1.         1.         1.         1.         1.         1.
 1.         1.         1.         1.         1.         1.
 1.         1.         1.         1.         1.         1.
 1.         1.         1.         1.         1.         1.
 1.         1.         1.         1.         1.         1.
 1.         1.         1.         1.         1.         1.
 1.         1.         1.         1.         1.         1.
 1.         1.         1.         1.         1.         1.
 1.         1.         1.         1.         1.         1.
 1.         1.         1.         1.         1.         1.
 1.         1.         1.         1.         1.         1.
 1.         1.         1.         1.         1.         1.
 1.         1.         1.         1.         0.99358974 0.99363057
 0.99367089 0.99371069 0.99375    0.99378882 0.99382716 0.99386503
 0.99390244 0.99393939 0.9939759  0.99401198 0.99404762 0.99408284
 0.99411765 0.99415205 0.99418605 0.99421965 0.99425287 0.99428571
 0.99431818 0.99435028 0.99438202 0.99441341 0.99444444 0.99447514
 0.99450549 0.99453552 0.99456522 0.99459459 0.99462366 0.99465241
 0.99468085 0.99470899 0.99473684 0.9947644  0.99479167 0.99481865
 0.99484536 0.99487179 0.99489796 0.99492386 0.99494949 0.99497487
 0.995      0.99502488 0.9950495  0.99507389 0.99509804 0.99512195
 0.99514563 0.99516908 0.99519231 0.99521531 0.9952381  0.99526066
 0.99528302 0.99530516 0.9953271  0.99534884 0.99537037 0.99539171
 0.99541284 0.99543379 0.99545455 0.99547511 0.9954955  0.9955157
 0.99553571 0.99555556 0.99557522 0.99559471 0.99561404 0.99563319
 0.99565217 0.995671   0.99568966 0.99570815 0.9957265  0.99574468
 0.99576271 0.99578059 0.99579832 0.9958159  0.99583333 0.99585062
 0.99586777 0.99588477 0.99590164 0.99591837 0.99186992 0.99190283
 0.99193548 0.99196787 0.992      0.99203187 0.99206349 0.99209486
 0.99212598 0.99215686 0.9921875  0.9922179  0.99224806 0.99227799
 0.99230769 0.99233716 0.99236641 0.99239544 0.99242424 0.99245283
 0.9924812  0.99250936 0.99253731 0.99256506 0.99259259 0.99261993
 0.99264706 0.99267399 0.99270073 0.99272727 0.99275362 0.99277978
 0.99280576 0.99283154 0.99285714 0.99288256 0.9929078  0.99293286
 0.99295775 0.99298246 0.99300699 0.99303136 0.99305556 0.99307958
 0.99310345 0.99312715 0.99315068 0.99317406 0.99319728 0.99322034
 0.99324324 0.99326599 0.99328859 0.99331104 0.99333333 0.99335548
 0.99337748 0.99339934 0.99342105 0.99344262 0.99346405 0.99348534
 0.99350649 0.99352751 0.99354839 0.99356913 0.99358974 0.99041534
 0.99044586 0.99047619 0.99050633 0.99053628 0.99056604 0.99059561
 0.990625   0.99065421 0.99068323 0.99071207 0.99074074 0.99076923
 0.99079755 0.99082569 0.99085366 0.99088146 0.99090909 0.99093656
 0.99096386 0.99099099 0.98802395 0.9880597  0.98809524 0.98813056
 0.98816568 0.98820059 0.98823529 0.98826979 0.98830409 0.98833819
 0.98837209 0.9884058  0.98843931 0.98847262 0.98850575 0.98853868
 0.98857143 0.98860399 0.98863636 0.98866856 0.98870056 0.98873239
 0.98876404 0.98879552 0.98882682 0.98885794 0.98888889 0.98891967
 0.98618785 0.9862259  0.98626374 0.98630137 0.9863388  0.98637602
 0.98641304 0.98644986 0.98648649 0.98652291 0.98655914 0.98659517
 0.98663102 0.98666667 0.98404255 0.98408488 0.98412698 0.98416887
 0.98421053 0.98425197 0.98429319 0.9843342  0.984375   0.98441558
 0.98445596 0.98449612 0.98453608 0.98200514 0.97948718 0.97953964
 0.97959184 0.97964377 0.97969543 0.97974684 0.97979798 0.97984887
 0.9798995  0.97994987 0.98       0.98004988 0.9800995  0.98014888
 0.98019802 0.98024691 0.98029557 0.98034398 0.98039216 0.9804401
 0.9804878  0.98053528 0.98058252 0.98062954 0.98067633 0.98072289
 0.98076923 0.98081535 0.98086124 0.98090692 0.98095238 0.98099762
 0.98104265 0.9787234  0.97877358 0.97882353 0.97887324 0.97892272
 0.97897196 0.97902098 0.97906977 0.97911833 0.97685185 0.97690531
 0.97695853 0.97701149 0.97706422 0.9771167  0.97716895 0.97722096
 0.97727273 0.97732426 0.97737557 0.97742664 0.97747748 0.97752809
 0.9753915  0.97757848 0.97544643 0.97550111 0.97555556 0.97339246
 0.97123894 0.97130243 0.97136564 0.97142857 0.96929825 0.96936543
 0.96943231 0.96949891 0.96956522 0.96963124 0.96969697 0.96976242
 0.96982759 0.96989247 0.96995708 0.97002141 0.96801706 0.97008547
 0.96808511 0.96815287 0.96822034 0.96828753 0.96835443 0.96842105
 0.96638655 0.96645702 0.9665272  0.96659708 0.96666667 0.96465696
 0.96273292 0.96473029 0.96280992 0.9628866  0.96296296 0.96303901
 0.96106557 0.96114519 0.95918367 0.95731707 0.9592668  0.95740365
 0.95546559 0.95555556 0.95564516 0.95573441 0.95582329 0.95591182
 0.956      0.95608782 0.9561753  0.95626243 0.95634921 0.95643564
 0.95454545 0.95463511 0.95472441 0.95481336 0.95490196 0.953125
 0.95499022 0.95321637 0.95330739 0.95339806 0.95348837 0.95357834
 0.95366795 0.95183044 0.95192308 0.95201536 0.95210728 0.95028681
 0.95038168 0.95047619 0.95057034 0.95066414 0.95075758 0.95085066
 0.9509434  0.94915254 0.94736842 0.94559099 0.94392523 0.94569288
 0.94402985 0.94413408 0.94423792 0.94434137 0.94259259 0.94085028
 0.94095941 0.93922652 0.93933824 0.93944954 0.93956044 0.93967093
 0.93978102 0.93989071 0.94       0.93829401 0.9384058  0.93851718
 0.93862816 0.93873874 0.93884892 0.93895871 0.9390681  0.9391771
 0.9375     0.93761141 0.93594306 0.93605684 0.93617021 0.93628319
 0.93639576 0.93650794 0.93661972 0.93508772 0.93673111 0.9352014
 0.93531469 0.93542757 0.93379791 0.93391304 0.93402778 0.93414211
 0.93425606 0.93115318 0.93275862 0.9343696  0.93127148 0.93138937
 0.93150685 0.92991453 0.93003413 0.93015332 0.93027211 0.93039049
 0.92893401 0.93050847 0.92905405 0.92917369 0.92929293 0.92941176
 0.9295302  0.92964824 0.92976589 0.92821369 0.92833333 0.92845258
 0.92549669 0.92857143 0.92703151 0.92561983 0.92409241 0.92421746
 0.92434211 0.92446634 0.92459016 0.92471358 0.9248366  0.9218241
 0.9233279  0.92195122 0.92045455 0.92058347 0.92071197 0.91922456
 0.91774194 0.9178744  0.91800643 0.91813804 0.91826923 0.9168
 0.91533546 0.91547049 0.9156051  0.91573927 0.91587302 0.91600634
 0.91613924 0.91627172 0.9148265  0.91496063 0.91509434 0.91365777
 0.9137931  0.91392801 0.9140625  0.91263651 0.90993789 0.91135303
 0.91277259 0.91007752 0.91021672 0.91035549 0.90909091 0.90769231
 0.906298   0.91049383 0.90644172 0.90658499 0.90672783 0.90534351
 0.9054878  0.90563166 0.90577508 0.90591806 0.90606061 0.90620272
 0.90634441 0.90648567 0.90662651 0.90404798 0.90540541 0.90676692
 0.90149254 0.90419162 0.90284006 0.90163934 0.90029762 0.90044577
 0.89910979 0.89777778 0.89792899 0.89807976 0.89675516 0.89690722
 0.89705882 0.89720999 0.89589443 0.89604685 0.89098837 0.8922853
 0.89489051 0.89358601 0.89619883 0.89114659 0.88985507 0.89001447
 0.89017341 0.89033189 0.89048991 0.89064748 0.8908046  0.88968481
 0.89096126 0.88984263 0.89       0.89015692 0.89031339 0.89046942
 0.890625   0.89078014 0.89093484 0.88983051 0.89108911 0.8899859
 0.89014085 0.89029536 0.89044944 0.89060309 0.8907563  0.89090909
 0.89106145 0.88981869 0.88997214 0.89012517 0.88888889 0.889043
 0.88919668 0.88934993 0.88950276 0.88965517 0.88842975 0.88858322
 0.88873626 0.88888889] [0.00011641 0.00012088 0.00012536 0.00012984 0.00013431 0.00013879
 0.00014327 0.00014775 0.00015222 0.0001567  0.00016118 0.00016565
 0.00017013 0.00017461 0.00017909 0.00018356 0.00018804 0.00019252
 0.00019699 0.00020147 0.00020595 0.00021043 0.0002149  0.00021938
 0.00022386 0.00022834 0.00023281 0.00023729 0.00024177 0.00024624
 0.00025072 0.0002552  0.00025968 0.00026415 0.00026863 0.00027311
 0.00027758 0.00028206 0.00028654 0.00029102 0.00029549 0.00029997
 0.00030445 0.00030892 0.0003134  0.00031788 0.00032236 0.00032683
 0.00033131 0.00033579 0.00034026 0.00034474 0.00034922 0.0003537
 0.00035817 0.00036265 0.00036713 0.0003716  0.00037608 0.00038056
 0.00038504 0.00038951 0.00039399 0.00039847 0.00040294 0.00040742
 0.0004119  0.00041638 0.00042085 0.00042533 0.00042981 0.00043428
 0.00043876 0.00044324 0.00044772 0.00045219 0.00045667 0.00046115
 0.00046562 0.0004701  0.00047458 0.00047906 0.00048353 0.00048801
 0.00049249 0.00049696 0.00050144 0.00050592 0.0005104  0.00051487
 0.00051935 0.00052383 0.0005283  0.00053278 0.00053726 0.00054174
 0.00054621 0.00055069 0.00055517 0.00055964 0.00056412 0.0005686
 0.00057308 0.00057755 0.00058203 0.00058651 0.00059098 0.00059546
 0.00059994 0.00060442 0.00060889 0.00061337 0.00061785 0.00062232
 0.0006268  0.00063128 0.00063576 0.00064023 0.00064471 0.00064919
 0.00065367 0.00065814 0.00066262 0.0006671  0.00067157 0.00067605
 0.00068053 0.00068501 0.00068948 0.00069396 0.00069396 0.00069844
 0.00070291 0.00070739 0.00071187 0.00071635 0.00072082 0.0007253
 0.00072978 0.00073425 0.00073873 0.00074321 0.00074769 0.00075216
 0.00075664 0.00076112 0.00076559 0.00077007 0.00077455 0.00077903
 0.0007835  0.00078798 0.00079246 0.00079693 0.00080141 0.00080589
 0.00081037 0.00081484 0.00081932 0.0008238  0.00082827 0.00083275
 0.00083723 0.00084171 0.00084618 0.00085066 0.00085514 0.00085961
 0.00086409 0.00086857 0.00087305 0.00087752 0.000882   0.00088648
 0.00089095 0.00089543 0.00089991 0.00090439 0.00090886 0.00091334
 0.00091782 0.00092229 0.00092677 0.00093125 0.00093573 0.0009402
 0.00094468 0.00094916 0.00095363 0.00095811 0.00096259 0.00096707
 0.00097154 0.00097602 0.0009805  0.00098497 0.00098945 0.00099393
 0.00099841 0.00100288 0.00100736 0.00101184 0.00101631 0.00102079
 0.00102527 0.00102975 0.00103422 0.0010387  0.00104318 0.00104765
 0.00105213 0.00105661 0.00106109 0.00106556 0.00107004 0.00107452
 0.00107899 0.00108347 0.00108795 0.00109243 0.00109243 0.0010969
 0.00110138 0.00110586 0.00111034 0.00111481 0.00111929 0.00112377
 0.00112824 0.00113272 0.0011372  0.00114168 0.00114615 0.00115063
 0.00115511 0.00115958 0.00116406 0.00116854 0.00117302 0.00117749
 0.00118197 0.00118645 0.00119092 0.0011954  0.00119988 0.00120436
 0.00120883 0.00121331 0.00121779 0.00122226 0.00122674 0.00123122
 0.0012357  0.00124017 0.00124465 0.00124913 0.0012536  0.00125808
 0.00126256 0.00126704 0.00127151 0.00127599 0.00128047 0.00128494
 0.00128942 0.0012939  0.00129838 0.00130285 0.00130733 0.00131181
 0.00131628 0.00132076 0.00132524 0.00132972 0.00133419 0.00133867
 0.00134315 0.00134762 0.0013521  0.00135658 0.00136106 0.00136553
 0.00137001 0.00137449 0.00137896 0.00138344 0.00138792 0.00138792
 0.0013924  0.00139687 0.00140135 0.00140583 0.0014103  0.00141478
 0.00141926 0.00142374 0.00142821 0.00143269 0.00143717 0.00144164
 0.00144612 0.0014506  0.00145508 0.00145955 0.00146403 0.00146851
 0.00147298 0.00147746 0.00147746 0.00148194 0.00148642 0.00149089
 0.00149537 0.00149985 0.00150432 0.0015088  0.00151328 0.00151776
 0.00152223 0.00152671 0.00153119 0.00153567 0.00154014 0.00154462
 0.0015491  0.00155357 0.00155805 0.00156253 0.00156701 0.00157148
 0.00157596 0.00158044 0.00158491 0.00158939 0.00159387 0.00159835
 0.00159835 0.00160282 0.0016073  0.00161178 0.00161625 0.00162073
 0.00162521 0.00162969 0.00163416 0.00163864 0.00164312 0.00164759
 0.00165207 0.00165655 0.00165655 0.00166103 0.0016655  0.00166998
 0.00167446 0.00167893 0.00168341 0.00168789 0.00169237 0.00169684
 0.00170132 0.0017058  0.00171027 0.00171027 0.00171027 0.00171475
 0.00171923 0.00172371 0.00172818 0.00173266 0.00173714 0.00174161
 0.00174609 0.00175057 0.00175505 0.00175952 0.001764   0.00176848
 0.00177295 0.00177743 0.00178191 0.00178639 0.00179086 0.00179534
 0.00179982 0.00180429 0.00180877 0.00181325 0.00181773 0.0018222
 0.00182668 0.00183116 0.00183563 0.00184011 0.00184459 0.00184907
 0.00185354 0.00185354 0.00185802 0.0018625  0.00186697 0.00187145
 0.00187593 0.00188041 0.00188488 0.00188936 0.00188936 0.00189384
 0.00189831 0.00190279 0.00190727 0.00191175 0.00191622 0.0019207
 0.00192518 0.00192965 0.00193413 0.00193861 0.00194309 0.00194756
 0.00195204 0.00195204 0.00195652 0.001961   0.00196547 0.00196547
 0.00196547 0.00196995 0.00197443 0.0019789  0.0019789  0.00198338
 0.00198786 0.00199234 0.00199681 0.00200129 0.00200577 0.00201024
 0.00201472 0.0020192  0.00202368 0.00202815 0.00203263 0.00203263
 0.00203711 0.00204158 0.00204606 0.00205054 0.00205502 0.00205949
 0.00205949 0.00206397 0.00206845 0.00207292 0.0020774  0.0020774
 0.00208188 0.00208188 0.00208636 0.00209083 0.00209531 0.00209979
 0.00209979 0.00210426 0.00210426 0.00210874 0.00210874 0.00211322
 0.00211322 0.0021177  0.00212217 0.00212665 0.00213113 0.0021356
 0.00214008 0.00214456 0.00214904 0.00215351 0.00215799 0.00216247
 0.00216247 0.00216694 0.00217142 0.0021759  0.00218038 0.00218485
 0.00218485 0.00218933 0.00219381 0.00219828 0.00220276 0.00220724
 0.00221172 0.00221172 0.00221619 0.00222067 0.00222515 0.00222515
 0.00222962 0.0022341  0.00223858 0.00224306 0.00224753 0.00225201
 0.00225649 0.00225649 0.00225649 0.00225649 0.00226096 0.00226096
 0.00226544 0.00226992 0.0022744  0.00227887 0.00227887 0.00227887
 0.00228335 0.00228335 0.00228783 0.0022923  0.00229678 0.00230126
 0.00230574 0.00231021 0.00231469 0.00231469 0.00231917 0.00232364
 0.00232812 0.0023326  0.00233708 0.00234155 0.00234603 0.00235051
 0.00235051 0.00235498 0.00235498 0.00235946 0.00236394 0.00236842
 0.00237289 0.00237737 0.00238185 0.00238632 0.00238632 0.0023908
 0.00239528 0.00239976 0.00239976 0.00240423 0.00240871 0.00241319
 0.00241767 0.00242214 0.00242214 0.00242214 0.00242662 0.0024311
 0.00243557 0.00243557 0.00244005 0.00244453 0.00244901 0.00245348
 0.00245796 0.00245796 0.00246244 0.00246691 0.00247139 0.00247587
 0.00248035 0.00248482 0.0024893  0.0024893  0.00249378 0.00249825
 0.00250273 0.00250273 0.00250273 0.00250721 0.00250721 0.00251169
 0.00251616 0.00252064 0.00252512 0.00252959 0.00253407 0.00253407
 0.00253407 0.00253855 0.00253855 0.00254303 0.0025475  0.0025475
 0.0025475  0.00255198 0.00255646 0.00256093 0.00256541 0.00256541
 0.00256541 0.00256989 0.00257437 0.00257884 0.00258332 0.0025878
 0.00259227 0.00259675 0.00259675 0.00260123 0.00260571 0.00260571
 0.00261018 0.00261466 0.00261914 0.00261914 0.00262361 0.00262361
 0.00262361 0.00262809 0.00263257 0.00263705 0.00264152 0.00264152
 0.00264152 0.00264152 0.002646   0.00265048 0.00265495 0.00265495
 0.00265943 0.00266391 0.00266839 0.00267286 0.00267734 0.00268182
 0.00268629 0.00269077 0.00269525 0.00269973 0.00269973 0.00269973
 0.0027042  0.0027042  0.0027042  0.00270868 0.00270868 0.00271316
 0.00271316 0.00271316 0.00271763 0.00272211 0.00272211 0.00272659
 0.00273107 0.00273554 0.00273554 0.00274002 0.0027445  0.0027445
 0.0027445  0.0027445  0.0027445  0.00274897 0.00274897 0.00275345
 0.00275793 0.00276241 0.00276688 0.00277136 0.00277584 0.00278031
 0.00278031 0.00278479 0.00278927 0.00279375 0.00279822 0.0028027
 0.00280718 0.00281165 0.00281613 0.00282061 0.00282061 0.00282509
 0.00282956 0.00283404 0.00283852 0.002843   0.00284747 0.00285195
 0.00285643 0.00285643 0.0028609  0.00286538 0.00286538 0.00286986
 0.00287434 0.00287881 0.00288329 0.00288777 0.00288777 0.00289224
 0.00289672 0.0029012 ]
Area under the PR curve: 0.0027054369300899095

----------st2merge----------
   true_positives_st2merge  precision_st2merge(%)  true_positives_Aletsch  precision_Aletsch(%)  +(abs,%)  Fscore_st2merge(%)
0                     1138                   20.5                    1138                  65.2      44.7                 1.0
1                     1138                   20.5                    1138                  65.2      44.7                 1.0
   precision_st2merge  true_positives_st2merge  precision_Aletsch  true_positives_Aletsch  +(rlt,%)  Fscore_st2merge(%)
0               0.205                     1138               20.5                    2557     124.7                 1.0
1               0.205                     1138               20.5                    2557     124.7                 1.0
[1.    1.    1.    1.    1.    1.    1.    1.    1.    0.969 0.924 0.71
 0.403 0.235 0.205 0.205 0.205] [1.79086302e-05 2.23857877e-05 2.23857877e-05 2.68629453e-05
 2.68629453e-05 3.13401028e-05 7.61116782e-05 1.25360411e-04
 2.01472089e-04 4.16375651e-04 7.07390892e-04 1.49984778e-03
 2.73554326e-03 4.47268038e-03 5.09500528e-03 5.09500528e-03
 5.09500528e-03]
Area under the PR curve: 0.002696741972456527
Aletsch rpAUC:
[1.         1.         1.         ... 0.65232358 0.65194954 0.652149  ] [1.79086302e-05 2.23857877e-05 2.68629453e-05 ... 5.09052813e-03
 5.09052813e-03 5.09500528e-03]
Area under the PR curve: 0.004533070633722192

----------sc2taco----------
   true_positives_sc2taco  precision_sc2taco(%)  true_positives_Aletsch  precision_Aletsch(%)  +(abs,%)  Fscore_sc2taco(%)
0                    1069                  22.4                    1069                  70.1      47.7                0.9
1                    1069                  22.4                    1069                  70.1      47.7                0.9
   precision_sc2taco  true_positives_sc2taco  precision_Aletsch  true_positives_Aletsch  +(rlt,%)  Fscore_sc2taco(%)
0              0.224                    1069               22.4                    2463     130.4                0.9
1              0.224                    1069               22.4                    2463     130.4                0.9
[0.279 0.259 0.244 0.241 0.235 0.226 0.225 0.224 0.224 0.224 0.224 0.224
 0.224 0.224 0.224 0.225 0.226] [0.00381902 0.0040966  0.00437418 0.00453984 0.00465177 0.00469206
 0.0047637  0.0047816  0.00478608 0.00478608 0.00478608 0.00478608
 0.00478608 0.00478608 0.00478608 0.00478608 0.00480399]
Area under the PR curve: 0.00024579594906785576
Aletsch rpAUC:
[0.82495164 0.81783317 0.81861804 0.81940442 0.82019231 0.82415459
 0.82177264 0.82335907 0.82098171 0.82256509 0.81800766 0.81722488
 0.81739962 0.81679389 0.81757402 0.81696854 0.81714286 0.81731684
 0.81653992 0.81576448 0.81593928 0.81611374 0.8147448  0.81397545
 0.81628788 0.81551561 0.8133836  0.8126177  0.81185325 0.81415094
 0.81203008 0.81126761 0.81144465 0.81068416 0.81086142 0.8101029
 0.80952381 0.81028037 0.80894688 0.80970149 0.80687094 0.80912477
 0.80837209 0.80762082 0.80705009 0.80630213 0.80555556 0.80481036
 0.80406654 0.8033241  0.80350554 0.80368664 0.80238971 0.8038674
 0.80312787 0.80257117 0.80275229 0.80293309 0.8021978  0.80146386
 0.80164534 0.80091324 0.80018248 0.80036463 0.80054645 0.79981802
 0.79927339 0.8        0.79945554 0.79891304 0.79746835 0.79963735
 0.79819005 0.79765131 0.79693141 0.7962128  0.7963964  0.79567957
 0.79496403 0.79424978 0.7935368  0.79282511 0.79159213 0.79301075
 0.79230081 0.79177837 0.79107143 0.79036574 0.79055258 0.78984862
 0.79003559 0.79022222 0.78952043 0.78970719 0.78900709 0.78919398
 0.78868258 0.78938053 0.78886926 0.7890556  0.78924162 0.78942731
 0.78961268 0.78979771 0.78998243 0.79016681 0.79035088 0.79053462
 0.78984238 0.78915136 0.78795812 0.78933566 0.78864629 0.78745645
 0.78814298 0.78764143 0.78695652 0.78714162 0.78645833 0.78664354
 0.78682842 0.78614719 0.78633218 0.78651685 0.78670121 0.78602243
 0.7862069  0.78639104 0.78571429 0.78589854 0.78608247 0.78626609
 0.7864494  0.78663239 0.78681507 0.786142   0.78547009 0.78479932
 0.78498294 0.78431373 0.78364566 0.78297872 0.78316327 0.78249788
 0.78268251 0.78154107 0.78286684 0.78220339 0.78172589 0.78106509
 0.78125    0.78059072 0.77993255 0.77927548 0.77861953 0.77796468
 0.77815126 0.77833753 0.77852349 0.77740586 0.77675585 0.77870914
 0.77805695 0.77694236 0.77629382 0.77564637 0.77583333 0.77518734
 0.77537438 0.77472984 0.77408638 0.77344398 0.77280265 0.77216239
 0.77235099 0.77062706 0.77126342 0.77253929 0.77190083 0.77081616
 0.77100494 0.77119342 0.77055921 0.76992605 0.76929392 0.76866284
 0.76885246 0.76904177 0.76841244 0.7686018  0.76797386 0.76691117
 0.7675367  0.76816327 0.76710098 0.76647681 0.76356275 0.76418152
 0.76666667 0.76542208 0.76604387 0.7648013  0.76375405 0.76394503
 0.76332795 0.76271186 0.76290323 0.76228848 0.76167472 0.76064257
 0.76125402 0.76186645 0.76083467 0.76102646 0.76041667 0.76060849
 0.7608     0.76019185 0.76038339 0.75977654 0.75917065 0.75875796
 0.75936255 0.75894988 0.75914149 0.7593328  0.75873016 0.75892149
 0.75911252 0.75851148 0.75870253 0.75810277 0.75829384 0.75769534
 0.75709779 0.75650118 0.75550314 0.75431711 0.75669291 0.75609756
 0.75490966 0.7545098  0.7539185  0.75332811 0.75352113 0.75293198
 0.75234375 0.75253708 0.75273011 0.75214341 0.75155763 0.75097276
 0.75116641 0.75058275 0.74941815 0.74825716 0.75       0.74883721
 0.74671815 0.74845201 0.74787316 0.74729521 0.7463377  0.74691358
 0.74653313 0.74595843 0.74538462 0.74215761 0.74272588 0.74329502
 0.74102368 0.74443592 0.74500768 0.74558032 0.74386503 0.74159021
 0.74122137 0.74141876 0.74085366 0.74105103 0.74048706 0.73992395
 0.7393617  0.73955961 0.73899848 0.73919636 0.73939394 0.73959122
 0.73903177 0.73922902 0.73942598 0.73962264 0.739819   0.74001507
 0.73945783 0.73890143 0.73834586 0.73854245 0.73798799 0.73818455
 0.73838081 0.73782772 0.73747195 0.73802395 0.73766816 0.73786408
 0.7380597  0.73825503 0.73845007 0.73790022 0.73809524 0.73828996
 0.7384844  0.73793615 0.73738872 0.7375834  0.73703704 0.73614191
 0.73723168 0.73668639 0.73633678 0.73653137 0.73672566 0.73618276
 0.73637703 0.73583517 0.73602941 0.73548861 0.7349486  0.73514307
 0.73460411 0.73406593 0.73426061 0.73391813 0.73445501 0.73411249
 0.73357664 0.73304158 0.73250729 0.73270211 0.73289665 0.73236364
 0.73255814 0.73202614 0.73149492 0.73168963 0.73115942 0.73062998
 0.73082489 0.7299639  0.73101952 0.73049133 0.73015873 0.73035328
 0.73054755 0.73074154 0.73021583 0.73040978 0.73060345 0.73079684
 0.7302726  0.7297491  0.72922636 0.72870437 0.72889843 0.72909221
 0.72928571 0.72947894 0.7296719  0.72915182 0.72934473 0.72882562
 0.72830725 0.72850036 0.72798295 0.72746629 0.72695035 0.72714387
 0.72528249 0.72579505 0.72630835 0.72733711 0.72682236 0.72547636
 0.72496474 0.72445384 0.72394366 0.72413793 0.72362869 0.72312017
 0.72331461 0.72350877 0.7230014  0.72016748 0.72067039 0.721174
 0.72167832 0.72268908 0.72319552 0.72218334 0.72036262 0.72055749
 0.72075209 0.72094642 0.72044506 0.71994441 0.72013889 0.71963914
 0.71983356 0.71903114 0.71853389 0.72002772 0.71952909 0.7187284
 0.71823204 0.7184265  0.71862069 0.71881461 0.71831956 0.71782519
 0.7173315  0.71683849 0.71703297 0.71654084 0.71379781 0.71428571
 0.71477428 0.71526352 0.716244   0.71673525 0.71575342 0.71399317
 0.71418827 0.71438309 0.71457766 0.71409122 0.71428571 0.71380014
 0.71399457 0.71350984 0.71129141 0.71225457 0.71177267 0.71322034
 0.71370421 0.71273713 0.71148649 0.7116813  0.71187584 0.71139582
 0.71091644 0.71043771 0.70995962 0.71015467 0.70967742 0.70920081
 0.70872483 0.7082495  0.70844504 0.70864032 0.70883534 0.7090301
 0.70855615 0.70808283 0.70761015 0.70713809 0.70733333 0.70686209
 0.70705726 0.70350761 0.70397351 0.70490716 0.70444003 0.70584329
 0.70631229 0.70678191 0.70725216 0.70537492 0.7037037  0.70389954
 0.70343461 0.7029703  0.70316623 0.7027027  0.70223979 0.70177749
 0.70197368 0.70151216 0.70032787 0.7007874  0.70170828 0.70124754
 0.70052425 0.70006549 0.69960733 0.69980379 0.7        0.69954278
 0.69908616 0.69863014 0.69817471 0.69771987 0.69726562 0.69681197
 0.6970091  0.69720598] [0.00381902 0.00381902 0.00381902 0.00381902 0.00381902 0.00381902
 0.00381902 0.00381902 0.00381902 0.00381902 0.00382349 0.00382349
 0.00382797 0.00383245 0.00383245 0.00383692 0.0038414  0.00384588
 0.00384588 0.00384588 0.00385036 0.00385483 0.00385931 0.00385931
 0.00385931 0.00385931 0.00386379 0.00386379 0.00386379 0.00386379
 0.00386826 0.00386826 0.00387274 0.00387274 0.00387722 0.00387722
 0.0038817  0.0038817  0.00388617 0.00388617 0.00389065 0.00389065
 0.00389065 0.00389065 0.00389513 0.00389513 0.00389513 0.00389513
 0.00389513 0.00389513 0.0038996  0.00390408 0.00390856 0.00390856
 0.00390856 0.00391304 0.00391751 0.00392199 0.00392199 0.00392199
 0.00392647 0.00392647 0.00392647 0.00393094 0.00393542 0.00393542
 0.0039399  0.0039399  0.00394438 0.00394885 0.00394885 0.00394885
 0.00394885 0.00395333 0.00395333 0.00395333 0.00395781 0.00395781
 0.00395781 0.00395781 0.00395781 0.00395781 0.00396228 0.00396228
 0.00396228 0.00396676 0.00396676 0.00396676 0.00397124 0.00397124
 0.00397572 0.00398019 0.00398019 0.00398467 0.00398467 0.00398915
 0.00399362 0.00399362 0.0039981  0.00400258 0.00400706 0.00401153
 0.00401601 0.00402049 0.00402496 0.00402944 0.00403392 0.0040384
 0.0040384  0.0040384  0.00404287 0.00404287 0.00404287 0.00404735
 0.00404735 0.00405183 0.00405183 0.0040563  0.0040563  0.00406078
 0.00406526 0.00406526 0.00406974 0.00407421 0.00407869 0.00407869
 0.00408317 0.00408764 0.00408764 0.00409212 0.0040966  0.00410108
 0.00410555 0.00411003 0.00411451 0.00411451 0.00411451 0.00411451
 0.00411898 0.00411898 0.00411898 0.00411898 0.00412346 0.00412346
 0.00412794 0.00413242 0.00413242 0.00413242 0.00413689 0.00413689
 0.00414137 0.00414137 0.00414137 0.00414137 0.00414137 0.00414137
 0.00414585 0.00415033 0.0041548  0.00415928 0.00415928 0.00415928
 0.00415928 0.00416376 0.00416376 0.00416376 0.00416823 0.00416823
 0.00417271 0.00417271 0.00417271 0.00417271 0.00417271 0.00417271
 0.00417719 0.00418167 0.00418167 0.00418167 0.00418167 0.00418614
 0.00419062 0.0041951  0.0041951  0.0041951  0.0041951  0.0041951
 0.00419957 0.00420405 0.00420405 0.00420853 0.00420853 0.00421301
 0.00421301 0.00421301 0.00421748 0.00421748 0.00422196 0.00422196
 0.00422196 0.00422196 0.00422196 0.00422196 0.00422644 0.00423091
 0.00423091 0.00423091 0.00423539 0.00423539 0.00423539 0.00423987
 0.00423987 0.00423987 0.00424435 0.00424882 0.00424882 0.0042533
 0.00425778 0.00425778 0.00426225 0.00426225 0.00426225 0.00426673
 0.00426673 0.00427121 0.00427569 0.00428016 0.00428016 0.00428464
 0.00428912 0.00428912 0.00429359 0.00429359 0.00429807 0.00429807
 0.00429807 0.00429807 0.00430255 0.00430255 0.00430255 0.00430255
 0.00430255 0.00430703 0.00430703 0.00430703 0.0043115  0.0043115
 0.0043115  0.00431598 0.00432046 0.00432046 0.00432046 0.00432046
 0.00432493 0.00432493 0.00432493 0.00432493 0.00432493 0.00432493
 0.00432941 0.00432941 0.00432941 0.00432941 0.00433389 0.00433389
 0.00433837 0.00433837 0.00433837 0.00434284 0.00434284 0.00434284
 0.00434284 0.00434284 0.00434284 0.00434284 0.00434284 0.00434284
 0.00434732 0.0043518  0.0043518  0.00435627 0.00435627 0.00435627
 0.00435627 0.00436075 0.00436075 0.00436523 0.00436971 0.00437418
 0.00437418 0.00437866 0.00438314 0.00438761 0.00439209 0.00439657
 0.00439657 0.00439657 0.00439657 0.00440105 0.00440105 0.00440552
 0.00441    0.00441    0.00441448 0.00441448 0.00441895 0.00442343
 0.00442791 0.00443239 0.00443686 0.00443686 0.00444134 0.00444582
 0.00445029 0.00445029 0.00445029 0.00445477 0.00445477 0.00445925
 0.00445925 0.00445925 0.00446373 0.0044682  0.00447268 0.00447268
 0.00447716 0.00447716 0.00448163 0.00448163 0.00448163 0.00448611
 0.00448611 0.00448611 0.00449059 0.00449507 0.00449507 0.00449954
 0.00449954 0.00449954 0.00449954 0.00450402 0.0045085  0.0045085
 0.00451297 0.00451297 0.00451297 0.00451745 0.00451745 0.00451745
 0.00452193 0.00452641 0.00452641 0.00452641 0.00453088 0.00453536
 0.00453984 0.00454431 0.00454431 0.00454879 0.00455327 0.00455775
 0.00455775 0.00455775 0.00455775 0.00455775 0.00456222 0.0045667
 0.00457118 0.00457566 0.00458013 0.00458013 0.00458461 0.00458461
 0.00458461 0.00458909 0.00458909 0.00458909 0.00458909 0.00459356
 0.00459804 0.00459804 0.00459804 0.00459804 0.00459804 0.00460252
 0.00460252 0.00460252 0.00460252 0.004607   0.004607   0.004607
 0.00461147 0.00461595 0.00461595 0.00462043 0.00462043 0.00462043
 0.00462043 0.00462043 0.00462043 0.00462043 0.0046249  0.00462938
 0.00463386 0.00463834 0.00463834 0.00463834 0.00464281 0.00464281
 0.00464729 0.00465177 0.00465177 0.00465177 0.00465177 0.00465624
 0.00465624 0.00466072 0.0046652  0.00466968 0.00466968 0.00466968
 0.00466968 0.00466968 0.00467415 0.00467415 0.00467863 0.00467863
 0.00467863 0.00467863 0.00467863 0.00467863 0.00467863 0.00468311
 0.00468758 0.00469206 0.00469654 0.00469654 0.00470102 0.00470102
 0.00470549 0.00470549 0.00470997 0.00470997 0.00470997 0.00470997
 0.00470997 0.00470997 0.00471445 0.00471892 0.0047234  0.0047234
 0.0047234  0.0047234  0.0047234  0.00472788 0.00472788 0.00472788
 0.00472788 0.00472788 0.00473236 0.00473683 0.00474131 0.00474579
 0.00474579 0.00474579 0.00474579 0.00474579 0.00475026 0.00475026
 0.00475474 0.00475922 0.00475922 0.00475922 0.00475922 0.00475922
 0.00475922 0.00475922 0.00475922 0.00475922 0.0047637  0.00476817
 0.00476817 0.00476817 0.00477265 0.00477265 0.00477265 0.00477265
 0.00477713 0.00477713 0.0047816  0.0047816  0.0047816  0.0047816
 0.00478608 0.00478608 0.00478608 0.00479056 0.00479504 0.00479504
 0.00479504 0.00479504 0.00479504 0.00479504 0.00479504 0.00479504
 0.00479951 0.00480399]
Area under the PR curve: 0.0007447365618729383
Aletsch pAUC:
[1.         1.         1.         ... 0.65232358 0.65194954 0.652149  ] [0.00000000e+00 4.47715754e-06 8.95431508e-06 ... 5.09052813e-03
 5.09052813e-03 5.09500528e-03]
Area under the PR curve: 0.004550972124901574
