aletsch-39.ensembl.chr1.(en+xx230+sc-human100+sc-xpress500&1066).joblib
max_cnt:  13
Load and Normalize:  PRJNA489891_ensembl_other_chrs-star (837197, 56)
Matched
0    596259
1    240938
Name: count, dtype: int64
Precision: 0.643
Recall: 0.813
ROC curve (area = 0.896)
                TP  Precision
sample_id                    
-1            23.0   0.160839
 0         16011.0   0.600112
 1         17332.0   0.562618
 2         16863.0   0.581322
 3         17567.0   0.573972
 4         17921.0   0.569083
 5         17857.0   0.570839
 6         17695.0   0.568331
 7         17931.0   0.571360
 8         17392.0   0.570585
 9         17735.0   0.581952
 10        18003.0   0.567131
 11        17175.0   0.576323
Meta ROC curve (area = 0.838)
    Prob  True Positives  Precision  F1 score
0   0.00           44361       10.4  0.136747
1   0.05           44336       10.5  0.137377
2   0.10           43649       11.6  0.145367
3   0.15           41128       14.9  0.164475
4   0.20           37545       19.9  0.182433
5   0.25           33859       26.0  0.191528
6   0.30           30573       32.5  0.192572
7   0.35           27853       39.1  0.189038
8   0.40           25473       45.0  0.181946
9   0.45           23419       50.6  0.173716
10  0.50           21640       55.8  0.165102
11  0.55           20075       60.7  0.156576
12  0.60           18681       65.1  0.148237
13  0.65           17430       69.1  0.140241
14  0.70           16181       72.7  0.131756
15  0.75           14964       76.4  0.123184
16  0.80           13731       80.3  0.114206
17  0.85           12249       84.0  0.102958
18  0.90           10289       88.9  0.087590
19  0.95            7241       94.1  0.062679

----------transmeta----------
   true_positives_transmeta  precision_transmeta(%)  true_positives_Aletsch  precision_Aletsch(%)  +(abs,%)  Fscore_transmeta(%)
0                     23276                    39.0                   23276                  51.0      12.0                 16.4
1                     20498                    48.1                   20498                  59.3      11.2                 15.4
   precision_transmeta  true_positives_transmeta  precision_Aletsch  true_positives_Aletsch  +(rlt,%)  Fscore_transmeta(%)
0                0.390                     23276               39.0                   27871      19.7                 16.4
1                0.481                     20498               48.1                   24376      18.9                 15.4
Area under the PR curve: 0.055935750550690375
Aletsch rpAUC:
Area under the PR curve: 0.06313320118674215

----------psiclass----------
   true_positives_psiclass  precision_psiclass(%)  true_positives_Aletsch  precision_Aletsch(%)  +(abs,%)  Fscore_psiclass(%)
0                    23144                   34.8                   23144                  51.4      16.6                16.0
1                    19982                   47.1                   19982                  61.1      14.0                15.0
   precision_psiclass  true_positives_psiclass  precision_Aletsch  true_positives_Aletsch  +(rlt,%)  Fscore_psiclass(%)
0               0.348                    23144               34.8                   29621      28.0                16.0
1               0.471                    19982               47.1                   24729      23.8                15.0
Area under the PR curve: 0.025655630473325093
Aletsch rpAUC:
Area under the PR curve: 0.032279032726819465

----------st2merge----------
   true_positives_st2merge  precision_st2merge(%)  true_positives_Aletsch  precision_Aletsch(%)  +(abs,%)  Fscore_st2merge(%)
0                    17705                   39.0                   17705                  68.3      29.3                13.2
1                    17705                   39.0                   17705                  68.3      29.3                13.2
   precision_st2merge  true_positives_st2merge  precision_Aletsch  true_positives_Aletsch  +(rlt,%)  Fscore_st2merge(%)
0                0.39                    17705               39.0                   27871      57.4                13.2
1                0.39                    17705               39.0                   27871      57.4                13.2
Area under the PR curve: 0.04979213452962983
Aletsch rpAUC:
Area under the PR curve: 0.06525729260027192

----------sc2taco----------
   true_positives_sc2taco  precision_sc2taco(%)  true_positives_Aletsch  precision_Aletsch(%)  +(abs,%)  Fscore_sc2taco(%)
0                   20307                  32.9                   20307                  60.0      27.1               14.2
1                   20130                  33.7                   20130                  60.5      26.8               14.2
   precision_sc2taco  true_positives_sc2taco  precision_Aletsch  true_positives_Aletsch  +(rlt,%)  Fscore_sc2taco(%)
0              0.329                   20307               32.9                   30380      49.6               14.2
1              0.337                   20130               33.7                   30059      49.3               14.2
Area under the PR curve: 0.059620507172406384
Aletsch rpAUC:
Area under the PR curve: 0.0752333337197018
Aletsch pAUC:
Area under the PR curve: 0.08503554165804933
