aletsch-39.ensembl.chr1.(en+xx230+sc-human100+sc-xpress500&1066).joblib
max_cnt:  370
Load and Normalize:  smartseq3_ensembl_mouse-star (3220494, 56)
Matched
0    2078517
1    1141977
Name: count, dtype: int64
Precision: 0.852
Recall: 0.863
ROC curve (area = 0.950)
               TP  Precision
sample_id                   
-1         1390.0   0.240360
 0         2835.0   0.776074
 1         2749.0   0.786102
 2         3033.0   0.771167
 3         2870.0   0.772960
...           ...        ...
 364       2736.0   0.786885
 365       3201.0   0.778453
 366       3203.0   0.743846
 367       2895.0   0.781587
 368       3676.0   0.748829

[370 rows x 2 columns]
Meta ROC curve (area = 0.827)
    Prob  True Positives  Precision  F1 score
0   0.00           32034        4.7  0.080228
1   0.05           31238        5.7  0.093180
2   0.10           28286        7.8  0.116561
3   0.15           25231       10.8  0.142177
4   0.20           22441       14.6  0.163383
5   0.25           20092       19.1  0.178056
6   0.30           18092       24.4  0.185741
7   0.35           16269       30.4  0.186939
8   0.40           14533       37.5  0.182412
9   0.45           12905       45.5  0.173246
10  0.50           11365       54.0  0.160470
11  0.55            9961       63.2  0.146092
12  0.60            8569       71.6  0.129267
13  0.65            7219       79.4  0.111318
14  0.70            5784       86.4  0.090868
15  0.75            4537       91.9  0.072278
16  0.80            3602       95.6  0.057921
17  0.85            2929       97.3  0.047388
18  0.90            2314       98.5  0.037639
19  0.95            1764       99.0  0.028826

----------transmeta----------
   true_positives_transmeta  precision_transmeta(%)  true_positives_Aletsch  precision_Aletsch(%)  +(abs,%)  Fscore_transmeta(%)
0                     11941                    45.7                   11941                  50.8       5.1                 16.3
1                      5589                    80.3                    5589                  87.1       6.8                  8.8
   precision_transmeta  true_positives_transmeta  precision_Aletsch  true_positives_Aletsch  +(rlt,%)  Fscore_transmeta(%)
0                0.457                     11941               45.7                   12874       7.8                 16.3
1                0.803                      5589               80.3                    7044      26.0                  8.8
[0.943 0.937 0.928 0.92  0.912 0.898 0.886 0.878 0.866 0.837 0.827 0.814
 0.807 0.803 0.774 0.473 0.457] [0.02310792 0.02592697 0.02936787 0.0313495  0.03364619 0.03566098
 0.03758457 0.03824788 0.03931746 0.04492239 0.04541987 0.04593393
 0.04618267 0.04634021 0.05429159 0.09712457 0.0990067 ]
Area under the PR curve: 0.05463820807906607
Aletsch rpAUC:
[0.97481637 0.97482517 0.97483397 ... 0.50834398 0.50832234 0.5083007 ] [0.02310792 0.02311621 0.0231245  ... 0.0990067  0.0990067  0.0990067 ]
Area under the PR curve: 0.05841533995121508

----------psiclass----------
   true_positives_psiclass  precision_psiclass(%)  true_positives_Aletsch  precision_Aletsch(%)  +(abs,%)  Fscore_psiclass(%)
0                     6823                   29.3                    6823                  81.5      52.2                 9.5
1                     2671                   78.5                    2671                  97.8      19.3                 4.3
   precision_psiclass  true_positives_psiclass  precision_Aletsch  true_positives_Aletsch  +(rlt,%)  Fscore_psiclass(%)
0               0.293                     6823               29.3                   16559     142.7                 9.5
1               0.785                     2671               78.5                    7345     175.0                 4.3
[0.983 0.983 0.983 0.983 0.983 0.983 0.984 0.984 0.981 0.975 0.964 0.94
 0.927 0.862 0.785 0.672 0.293] [0.00296    0.00296    0.00296    0.00296    0.00296    0.00296
 0.00299317 0.00300975 0.00304292 0.00323362 0.0035404  0.00494992
 0.00848202 0.01538041 0.02214613 0.03007263 0.0565717 ]
Area under the PR curve: 0.035506968857787216
Aletsch rpAUC:
[1.         1.         1.         ... 0.81485905 0.81476173 0.81478385] [0.00296    0.00296829 0.00297659 ... 0.05656341 0.05656341 0.0565717 ]
Area under the PR curve: 0.05019659494931146

----------st2merge----------
   true_positives_st2merge  precision_st2merge(%)  true_positives_Aletsch  precision_Aletsch(%)  +(abs,%)  Fscore_st2merge(%)
0                    12629                   19.5                   12629                  46.9      27.4                13.6
1                    12629                   19.5                   12629                  46.9      27.4                13.6
   precision_st2merge  true_positives_st2merge  precision_Aletsch  true_positives_Aletsch  +(rlt,%)  Fscore_st2merge(%)
0               0.195                    12629               19.5                   19879      57.4                13.6
1               0.195                    12629               19.5                   19879      57.4                13.6
[0.943 0.949 0.948 0.947 0.937 0.924 0.901 0.868 0.784 0.644 0.535 0.365
 0.262 0.206 0.195 0.195 0.195] [0.00123541 0.00170801 0.00240448 0.00293513 0.0038223  0.0053562
 0.00849032 0.01077043 0.01773514 0.02839778 0.0406109  0.06643009
 0.08956288 0.1021574  0.10471113 0.10471113 0.10471113]
Area under the PR curve: 0.05164564125099496
Aletsch rpAUC:
[1.         1.         1.         ... 0.46937486 0.46935742 0.46933997] [0.00123541 0.0012437  0.00125199 ... 0.10471113 0.10471113 0.10471113]
Area under the PR curve: 0.08288948336458005

----------sc2taco----------
   true_positives_sc2taco  precision_sc2taco(%)  true_positives_Aletsch  precision_Aletsch(%)  +(abs,%)  Fscore_sc2taco(%)
0                   10644                  20.3                   10644                  59.0      38.7               12.3
1                   10643                  20.3                   10643                  59.0      38.7               12.3
   precision_sc2taco  true_positives_sc2taco  precision_Aletsch  true_positives_Aletsch  +(rlt,%)  Fscore_sc2taco(%)
0              0.203                   10644               20.3                   19539      83.6               12.3
1              0.203                   10643               20.3                   19539      83.6               12.3
[0.849 0.794 0.695 0.638 0.56  0.463 0.37  0.33  0.274 0.237 0.219 0.206
 0.203 0.203 0.203 0.203 0.203] [0.01186488 0.01470052 0.02017279 0.02448428 0.03032966 0.03930088
 0.05445742 0.06251658 0.07621385 0.08365117 0.08625464 0.08783829
 0.08818652 0.08823627 0.08824456 0.08825285 0.08826114]
Area under the PR curve: 0.03355404284956222
Aletsch rpAUC:
[0.99444058 0.99444444 0.9944483  ... 0.58978337 0.58975069 0.58971802] [0.01186488 0.01187318 0.01188147 ... 0.08826114 0.08826114 0.08826114]
Area under the PR curve: 0.06363577826097147
Aletsch pAUC:
[1.         1.         1.         ... 0.46937486 0.46935742 0.46933997] [0.00000000e+00 8.29132396e-06 1.65826479e-05 ... 1.04711130e-01
 1.04711130e-01 1.04711130e-01]
Area under the PR curve: 0.08412489234285705
