aletsch-39.ensembl.chr1.(en+xx230+sc-human100+sc-xpress500&1066).joblib
max_cnt:  905
Load and Normalize:  smartseq3_ensembl_xpress_run2_other_chrs-star (7410350, 56)
Matched
0    5664851
1    1745499
Name: count, dtype: int64
Precision: 0.760
Recall: 0.604
ROC curve (area = 0.864)
               TP  Precision
sample_id                   
-1         3544.0   0.392774
 0         1499.0   0.711776
 1         2047.0   0.678939
 2           11.0   0.611111
 3           17.0   0.566667
...           ...        ...
 1061      1841.0   0.677835
 1062        18.0   0.857143
 1063      2135.0   0.673289
 1064      1305.0   0.693043
 1065      1932.0   0.683894

[1067 rows x 2 columns]
Meta ROC curve (area = 0.790)
    Prob  True Positives  Precision  F1 score
0   0.00           46557        5.2  0.082892
1   0.05           42849        6.9  0.100985
2   0.10           34491       11.1  0.129044
3   0.15           27484       16.8  0.141975
4   0.20           22684       23.5  0.141791
5   0.25           19307       29.6  0.133826
6   0.30           16833       35.4  0.124296
7   0.35           14817       40.8  0.114128
8   0.40           13032       46.2  0.103600
9   0.45           11438       51.4  0.093147
10  0.50            9933       56.6  0.082464
11  0.55            8485       61.3  0.071544
12  0.60            7153       66.6  0.061110
13  0.65            5766       71.7  0.049837
14  0.70            4475       77.3  0.039059
15  0.75            3309       84.3  0.029118
16  0.80            2219       89.1  0.019651
17  0.85            1369       93.8  0.012179
18  0.90             766       96.6  0.006835
19  0.95             267       98.9  0.002388

----------transmeta----------
   true_positives_transmeta  precision_transmeta(%)  true_positives_Aletsch  precision_Aletsch(%)  +(abs,%)  Fscore_transmeta(%)
0                      9173                    42.6                    9173                  58.9      16.3                  7.5
1                      3319                    80.2                    3319                  84.3       4.1                  2.9
   precision_transmeta  true_positives_transmeta  precision_Aletsch  true_positives_Aletsch  +(rlt,%)  Fscore_transmeta(%)
0                0.426                      9173               42.6                   14251      55.4                  7.5
1                0.802                      3319               80.2                    3942      18.8                  2.9
Area under the PR curve: 0.023046443793764214
Aletsch rpAUC:
Area under the PR curve: 0.025311957870420666

----------st2merge----------
   true_positives_st2merge  precision_st2merge(%)  true_positives_Aletsch  precision_Aletsch(%)  +(abs,%)  Fscore_st2merge(%)
0                    12067                   13.4                   12067                  49.4      36.0                 7.7
1                    12067                   13.4                   12067                  49.4      36.0                 7.7
   precision_st2merge  true_positives_st2merge  precision_Aletsch  true_positives_Aletsch  +(rlt,%)  Fscore_st2merge(%)
0               0.134                    12067               13.4                   31206     158.6                 7.7
1               0.134                    12067               13.4                   31206     158.6                 7.7
Area under the PR curve: 0.018160893372015978
Aletsch rpAUC:
Area under the PR curve: 0.03882963694722609

----------sc2taco----------
   true_positives_sc2taco  precision_sc2taco(%)  true_positives_Aletsch  precision_Aletsch(%)  +(abs,%)  Fscore_sc2taco(%)
0                    8627                  16.9                    8627                  60.6      43.7                6.3
1                    8627                  16.9                    8627                  60.6      43.7                6.3
   precision_sc2taco  true_positives_sc2taco  precision_Aletsch  true_positives_Aletsch  +(rlt,%)  Fscore_sc2taco(%)
0              0.169                    8627               16.9                   27402     217.6                6.3
1              0.169                    8627               16.9                   27402     217.6                6.3
Area under the PR curve: 0.008123683715682587
Aletsch rpAUC:
Area under the PR curve: 0.024925083069867356
Aletsch pAUC:
Area under the PR curve: 0.03916002057526067
