aletsch-39.ensembl.chr1.(en+xx230+sc-human100+sc-xpress500&1066).joblib
max_cnt:  11
Load and Normalize:  encode10_ensembl_other_chrs-star (733979, 56)
Matched
0    556724
1    177255
Name: count, dtype: int64
Precision: 0.651
Recall: 0.773
ROC curve (area = 0.901)
                TP  Precision
sample_id                    
-1            10.0   0.204082
 0         15413.0   0.627565
 1         16045.0   0.578803
 2         13292.0   0.580944
 3         14996.0   0.593995
 4         15317.0   0.535185
 5         15555.0   0.566832
 6         17433.0   0.565841
 7         12675.0   0.511192
 8         13604.0   0.520011
 9         14261.0   0.628820
Meta ROC curve (area = 0.839)
    Prob  True Positives  Precision  F1 score
0   0.00           46394       10.0  0.134604
1   0.05           45756       11.0  0.143128
2   0.10           44039       13.4  0.159860
3   0.15           40967       17.2  0.177364
4   0.20           37411       21.9  0.189684
5   0.25           34124       27.1  0.195376
6   0.30           31170       32.7  0.195664
7   0.35           28391       38.5  0.191061
8   0.40           26038       44.2  0.184506
9   0.45           23793       50.1  0.175713
10  0.50           21640       55.8  0.165122
11  0.55           19859       61.5  0.155351
12  0.60           18203       66.6  0.145220
13  0.65           16597       71.4  0.134600
14  0.70           15077       75.8  0.123965
15  0.75           13579       80.1  0.113016
16  0.80           11986       84.5  0.100919
17  0.85           10123       88.7  0.086236
18  0.90            7997       93.1  0.068956
19  0.95            4897       96.7  0.042877

----------transmeta----------
   true_positives_transmeta  precision_transmeta(%)  true_positives_Aletsch  precision_Aletsch(%)  +(abs,%)  Fscore_transmeta(%)
0                     23303                    32.9                   23303                  51.5      18.6                 15.8
1                     19821                    40.2                   19821                  61.6      21.4                 14.5
   precision_transmeta  true_positives_transmeta  precision_Aletsch  true_positives_Aletsch  +(rlt,%)  Fscore_transmeta(%)
0                0.329                     23303               32.9                   31091      33.4                 15.8
1                0.402                     19821               40.2                   27661      39.6                 14.5
Area under the PR curve: 0.046636754777127094
Aletsch rpAUC:
Area under the PR curve: 0.06090881914195935

----------psiclass----------
   true_positives_psiclass  precision_psiclass(%)  true_positives_Aletsch  precision_Aletsch(%)  +(abs,%)  Fscore_psiclass(%)
0                    22794                   22.5                   22794                  52.8      30.3                14.0
1                    19605                   30.1                   19605                  62.3      32.2                13.6
   precision_psiclass  true_positives_psiclass  precision_Aletsch  true_positives_Aletsch  +(rlt,%)  Fscore_psiclass(%)
0               0.225                    22794               22.5                   36979      62.2                14.0
1               0.301                    19605               30.1                   32527      65.9                13.6
Area under the PR curve: 0.02849965525886925
Aletsch rpAUC:
Area under the PR curve: 0.05245322830675353

----------st2merge----------
   true_positives_st2merge  precision_st2merge(%)  true_positives_Aletsch  precision_Aletsch(%)  +(abs,%)  Fscore_st2merge(%)
0                    18293                   29.0                   18293                  66.3      37.3                12.8
1                    18293                   29.0                   18293                  66.3      37.3                12.8
   precision_st2merge  true_positives_st2merge  precision_Aletsch  true_positives_Aletsch  +(rlt,%)  Fscore_st2merge(%)
0                0.29                    18293               29.0                   33074      80.8                12.8
1                0.29                    18293               29.0                   33074      80.8                12.8
Area under the PR curve: 0.034011470477623165
Aletsch rpAUC:
Area under the PR curve: 0.05314174519642909

----------sc2taco----------
   true_positives_sc2taco  precision_sc2taco(%)  true_positives_Aletsch  precision_Aletsch(%)  +(abs,%)  Fscore_sc2taco(%)
0                   20591                  26.5                   20591                  59.1      32.6               13.7
1                   19811                  30.4                   19811                  61.6      31.2               13.7
   precision_sc2taco  true_positives_sc2taco  precision_Aletsch  true_positives_Aletsch  +(rlt,%)  Fscore_sc2taco(%)
0              0.265                   20591               26.5                   34500      67.5               13.7
1              0.304                   19811               30.4                   32376      63.4               13.7
Area under the PR curve: 0.05342387489030964
Aletsch rpAUC:
Area under the PR curve: 0.0751135301985275
Aletsch pAUC:
Area under the PR curve: 0.08508258141354404
