aletsch-39.ensembl.allchrs.(en+xx230+sc-human192+sc-xpress500&1066).joblib
max_cnt:  370
Load and Normalize:  smartseq3_ensembl_mouse-star (3220494, 56)
Matched
0    2078517
1    1141977
Name: count, dtype: int64
Precision: 0.818
Recall: 0.897
ROC curve (area = 0.956)
               TP  Precision
sample_id                   
-1         1298.0   0.306494
 0         2904.0   0.735562
 1         2802.0   0.746802
 2         3095.0   0.729953
 3         2941.0   0.733234
...           ...        ...
 364       2802.0   0.744223
 365       3284.0   0.735828
 366       3307.0   0.700339
 367       2969.0   0.738190
 368       3766.0   0.710968

[370 rows x 2 columns]
Meta ROC curve (area = 0.848)
    Prob  True Positives  Precision  F1 score
0   0.00           32034        4.7  0.080228
1   0.05           31630        5.6  0.092969
2   0.10           28988        7.9  0.119225
3   0.15           26042       11.2  0.147702
4   0.20           23639       15.1  0.170329
5   0.25           21354       19.7  0.186625
6   0.30           19242       25.4  0.196111
7   0.35           17288       32.2  0.198344
8   0.40           15535       39.8  0.194568
9   0.45           13928       47.2  0.185530
10  0.50           12491       54.5  0.174076
11  0.55           11162       62.1  0.161076
12  0.60            9824       69.9  0.145910
13  0.65            8462       77.1  0.128618
14  0.70            7121       83.5  0.110287
15  0.75            5884       88.9  0.092496
16  0.80            4726       93.2  0.075209
17  0.85            3804       95.8  0.061071
18  0.90            3051       97.6  0.049316
19  0.95            2221       98.8  0.036156

----------transmeta----------
   true_positives_transmeta  precision_transmeta(%)  true_positives_Aletsch  precision_Aletsch(%)  +(abs,%)  Fscore_transmeta(%)
0                     11941                    45.7                   11941                  57.7      12.0                 16.3
1                      5589                    80.3                    5589                  90.1       9.8                  8.8
   precision_transmeta  true_positives_transmeta  precision_Aletsch  true_positives_Aletsch  +(rlt,%)  Fscore_transmeta(%)
0                0.457                     11941               45.7                   14226      19.1                 16.3
1                0.803                      5589               80.3                    7818      39.9                  8.8
[0.943 0.937 0.928 0.92  0.912 0.898 0.886 0.878 0.866 0.837 0.827 0.814
 0.807 0.803 0.774 0.473 0.457] [0.02310792 0.02592697 0.02936787 0.0313495  0.03364619 0.03566098
 0.03758457 0.03824788 0.03931746 0.04492239 0.04541987 0.04593393
 0.04618267 0.04634021 0.05429159 0.09712457 0.0990067 ]
Area under the PR curve: 0.05463820807906607
Aletsch rpAUC:
[0.97926915 0.97927643 0.97928371 ... 0.5767206  0.57669275 0.5766649 ] [0.02310792 0.02311621 0.0231245  ... 0.0990067  0.0990067  0.0990067 ]
Area under the PR curve: 0.0614459000401798

----------psiclass----------
   true_positives_psiclass  precision_psiclass(%)  true_positives_Aletsch  precision_Aletsch(%)  +(abs,%)  Fscore_psiclass(%)
0                     6823                   29.3                    6823                  84.8      55.5                 9.5
1                     2671                   78.5                    2671                  98.2      19.7                 4.3
   precision_psiclass  true_positives_psiclass  precision_Aletsch  true_positives_Aletsch  +(rlt,%)  Fscore_psiclass(%)
0               0.293                     6823               29.3                   18077     164.9                 9.5
1               0.785                     2671               78.5                    8175     206.1                 4.3
[0.983 0.983 0.983 0.983 0.983 0.983 0.984 0.984 0.981 0.975 0.964 0.94
 0.927 0.862 0.785 0.672 0.293] [0.00296    0.00296    0.00296    0.00296    0.00296    0.00296
 0.00299317 0.00300975 0.00304292 0.00323362 0.0035404  0.00494992
 0.00848202 0.01538041 0.02214613 0.03007263 0.0565717 ]
Area under the PR curve: 0.035506968857787216
Aletsch rpAUC:
[0.99442897 0.99444444 0.99445983 ... 0.84829644 0.84831531 0.84820985] [0.00296    0.00296829 0.00297659 ... 0.05656341 0.0565717  0.0565717 ]
Area under the PR curve: 0.050898843696355285

----------st2merge----------
   true_positives_st2merge  precision_st2merge(%)  true_positives_Aletsch  precision_Aletsch(%)  +(abs,%)  Fscore_st2merge(%)
0                    12629                   19.5                   12629                  53.6      34.1                13.6
1                    12629                   19.5                   12629                  53.6      34.1                13.6
   precision_st2merge  true_positives_st2merge  precision_Aletsch  true_positives_Aletsch  +(rlt,%)  Fscore_st2merge(%)
0               0.195                    12629               19.5                   21436      69.7                13.6
1               0.195                    12629               19.5                   21436      69.7                13.6
[0.943 0.949 0.948 0.947 0.937 0.924 0.901 0.868 0.784 0.644 0.535 0.365
 0.262 0.206 0.195 0.195 0.195] [0.00123541 0.00170801 0.00240448 0.00293513 0.0038223  0.0053562
 0.00849032 0.01077043 0.01773514 0.02839778 0.0406109  0.06643009
 0.08956288 0.1021574  0.10471113 0.10471113 0.10471113]
Area under the PR curve: 0.05164564125099496
Aletsch rpAUC:
[0.98675497 0.98684211 0.9869281  ... 0.53635746 0.53633468 0.53635437] [0.00123541 0.0012437  0.00125199 ... 0.10470284 0.10470284 0.10471113]
Area under the PR curve: 0.08630734720160117

----------sc2taco----------
   true_positives_sc2taco  precision_sc2taco(%)  true_positives_Aletsch  precision_Aletsch(%)  +(abs,%)  Fscore_sc2taco(%)
0                   10644                  20.3                   10644                  64.9      44.6               12.3
1                   10643                  20.3                   10643                  64.9      44.6               12.3
   precision_sc2taco  true_positives_sc2taco  precision_Aletsch  true_positives_Aletsch  +(rlt,%)  Fscore_sc2taco(%)
0              0.203                   10644               20.3                   21097      98.2               12.3
1              0.203                   10643               20.3                   21097      98.2               12.3
[0.849 0.794 0.695 0.638 0.56  0.463 0.37  0.33  0.274 0.237 0.219 0.206
 0.203 0.203 0.203 0.203 0.203] [0.01186488 0.01470052 0.02017279 0.02448428 0.03032966 0.03930088
 0.05445742 0.06251658 0.07621385 0.08365117 0.08625464 0.08783829
 0.08818652 0.08823627 0.08824456 0.08825285 0.08826114]
Area under the PR curve: 0.03355404284956222
Aletsch rpAUC:
[0.99444058 0.99444444 0.9944483  ... 0.64926193 0.64922232 0.64924372] [0.01186488 0.01187318 0.01188147 ... 0.08825285 0.08825285 0.08826114]
Area under the PR curve: 0.06596936155264499
Aletsch pAUC:
[1.         1.         1.         ... 0.53635746 0.53633468 0.53635437] [0.00000000e+00 8.29132396e-06 1.65826479e-05 ... 1.04702839e-01
 1.04702839e-01 1.04711130e-01]
Area under the PR curve: 0.08753022020498619
