aletsch-39.ensembl.chr1.(en+xx230+sc-human100+sc-xpress500&1066).joblib
max_cnt:  45
Load and Normalize:  PRJEB18790_ensembl-star (2690552, 56)
Matched
0    1919326
1     771226
Name: count, dtype: int64
Precision: 0.585
Recall: 0.889
ROC curve (area = 0.908)
                TP  Precision
sample_id                    
-1           201.0   0.250936
 0         16802.0   0.507997
 1         16868.0   0.508793
 2         15825.0   0.528187
 3         16997.0   0.507676
 4         17183.0   0.507262
 5         11787.0   0.602330
 6          9944.0   0.628929
 7         15822.0   0.527224
 8         16315.0   0.518809
 9         17141.0   0.500847
 10        13196.0   0.575240
 11        15422.0   0.532142
 12        17575.0   0.502114
 13        17316.0   0.500101
 14        16092.0   0.532108
 15        17525.0   0.498237
 16        17253.0   0.503340
 17        16688.0   0.508068
 18        13964.0   0.565665
 19        10941.0   0.604208
 20        16934.0   0.507781
 21        16363.0   0.515939
 22        17063.0   0.504867
 23        17307.0   0.508506
 24        15813.0   0.531565
 25        17909.0   0.501428
 26        15765.0   0.540360
 27        18056.0   0.507790
 28        15310.0   0.541813
 29        15407.0   0.539196
 30        17398.0   0.508000
 31        17311.0   0.510981
 32        17992.0   0.495647
 33        15456.0   0.550859
 34        16914.0   0.518008
 35        17487.0   0.514278
 36        17834.0   0.509747
 37        15846.0   0.534327
 38        17748.0   0.508991
 39        17423.0   0.505395
 40        16275.0   0.523228
 41        15760.0   0.539818
 42        15995.0   0.539897
 43        18073.0   0.499006
Meta ROC curve (area = 0.853)
    Prob  True Positives  Precision  F1 score
0   0.00           38654        5.1  0.088326
1   0.05           38570        5.3  0.090419
2   0.10           37879        5.9  0.098838
3   0.15           35795        7.6  0.120799
4   0.20           32926       10.5  0.151922
5   0.25           29843       15.1  0.187813
6   0.30           27141       21.3  0.219021
7   0.35           24862       28.6  0.239641
8   0.40           22838       36.0  0.248149
9   0.45           21170       42.5  0.248445
10  0.50           19881       48.1  0.245504
11  0.55           18856       53.3  0.241771
12  0.60           17944       57.9  0.236764
13  0.65           17054       62.1  0.230324
14  0.70           16187       66.3  0.223255
15  0.75           15278       70.7  0.214870
16  0.80           14337       74.8  0.205137
17  0.85           13226       78.9  0.192560
18  0.90           11638       83.5  0.172989
19  0.95            8566       88.8  0.131532

----------transmeta----------
   true_positives_transmeta  precision_transmeta(%)  true_positives_Aletsch  precision_Aletsch(%)  +(abs,%)  Fscore_transmeta(%)
0                     20630                    37.7                   20630                  44.8       7.1                 23.5
1                     18954                    46.2                   18954                  52.8       6.6                 23.5
   precision_transmeta  true_positives_transmeta  precision_Aletsch  true_positives_Aletsch  +(rlt,%)  Fscore_transmeta(%)
0                0.377                     20630               37.7                   22392       8.5                 23.5
1                0.462                     18954               46.2                   20332       7.3                 23.5
[0.833 0.817 0.798 0.784 0.769 0.747 0.714 0.695 0.658 0.609 0.577 0.529
 0.495 0.462 0.42  0.391 0.377] [0.07250763 0.07861004 0.0859147  0.09029252 0.0956653  0.10267146
 0.1111452  0.11532402 0.12386409 0.13289334 0.13898746 0.14708809
 0.15279252 0.15715375 0.1637039  0.1690601  0.17105001]
Area under the PR curve: 0.06343558470416555
Aletsch rpAUC:
[0.88664706 0.88655718 0.88656868 ... 0.44813729 0.44812755 0.44811782] [0.07250763 0.07250763 0.07251592 ... 0.17105001 0.17105001 0.17105001]
Area under the PR curve: 0.06978182097334928

----------psiclass----------
   true_positives_psiclass  precision_psiclass(%)  true_positives_Aletsch  precision_Aletsch(%)  +(abs,%)  Fscore_psiclass(%)
0                    19877                   36.4                   19877                  48.1      11.7                22.7
1                    17205                   52.5                   17205                  61.5       9.0                22.4
   precision_psiclass  true_positives_psiclass  precision_Aletsch  true_positives_Aletsch  +(rlt,%)  Fscore_psiclass(%)
0               0.364                    19877               36.4                   22734      14.4                22.7
1               0.525                    17205               52.5                   19006      10.5                22.4
[0.771 0.77  0.77  0.769 0.768 0.767 0.764 0.762 0.755 0.745 0.731 0.695
 0.645 0.574 0.525 0.476 0.364] [0.09194249 0.09199224 0.09207515 0.0921249  0.09220781 0.09234047
 0.09264725 0.09293745 0.09371683 0.09579796 0.09863359 0.10686687
 0.11769534 0.13335765 0.14265223 0.14940966 0.16480665]
Area under the PR curve: 0.04263473401432741
Aletsch rpAUC:
[0.84610102 0.84585463 0.84591915 ... 0.48111929 0.48113185 0.4811202 ] [0.09194249 0.09195078 0.09195078 ... 0.16479836 0.16480665 0.16480665]
Area under the PR curve: 0.05001228810628727

----------st2merge----------
   true_positives_st2merge  precision_st2merge(%)  true_positives_Aletsch  precision_Aletsch(%)  +(abs,%)  Fscore_st2merge(%)
0                    15829                   36.4                   15829                  68.1      31.7                19.3
1                    15829                   36.4                   15829                  68.1      31.7                19.3
   precision_st2merge  true_positives_st2merge  precision_Aletsch  true_positives_Aletsch  +(rlt,%)  Fscore_st2merge(%)
0               0.364                    15829               36.4                   22734      43.6                19.3
1               0.364                    15829               36.4                   22734      43.6                19.3
[0.88  0.873 0.858 0.855 0.842 0.821 0.782 0.756 0.699 0.624 0.557 0.452
 0.396 0.371 0.364 0.364 0.364] [0.0108036  0.01374702 0.01886276 0.02250265 0.02796664 0.03648183
 0.04939142 0.05694481 0.07340309 0.0902179  0.10209107 0.12072168
 0.12822533 0.13061323 0.13124337 0.13124337 0.13124337]
Area under the PR curve: 0.08183284690899442
Aletsch rpAUC:
[0.96165192 0.96168018 0.96170839 ... 0.68071564 0.68072937 0.68070009] [0.01081189 0.01082018 0.01082847 ... 0.13123508 0.13124337 0.13124337]
Area under the PR curve: 0.10466625834461064

----------sc2taco----------
   true_positives_sc2taco  precision_sc2taco(%)  true_positives_Aletsch  precision_Aletsch(%)  +(abs,%)  Fscore_sc2taco(%)
0                   18651                  26.4                   18651                  54.4      28.0               19.5
1                   18500                  27.1                   18500                  55.2      28.1               19.6
   precision_sc2taco  true_positives_sc2taco  precision_Aletsch  true_positives_Aletsch  +(rlt,%)  Fscore_sc2taco(%)
0              0.264                   18651               26.4                   25494      36.7               19.5
1              0.271                   18500               27.1                   25306      36.8               19.6
[0.577 0.595 0.609 0.629 0.633 0.615 0.621 0.635 0.614 0.577 0.536 0.456
 0.393 0.333 0.294 0.271 0.264] [0.0033414  0.00436953 0.00604438 0.00742903 0.00957648 0.01296763
 0.01984114 0.02473302 0.03768407 0.05363657 0.06654617 0.08807044
 0.10870755 0.13267777 0.14664036 0.15338949 0.15464148]
Area under the PR curve: 0.07278721560758822
Aletsch rpAUC:
[0.96875    0.96882494 0.96889952 ... 0.54391951 0.54390365 0.54388779] [0.0033414  0.00334969 0.00335799 ... 0.15464148 0.15464148 0.15464148]
Area under the PR curve: 0.12618874917745745
Aletsch pAUC:
[1.         1.         1.         ... 0.44813729 0.44812755 0.44811782] [0.00000000e+00 8.29132396e-06 1.65826479e-05 ... 1.71050013e-01
 1.71050013e-01 1.71050013e-01]
Area under the PR curve: 0.13755585230527612
