aletsch-39.ensembl.allchrs.(en+xx230+sc-human192+sc-xpress500&1066).joblib
max_cnt:  93
Load and Normalize:  smartseq3_ensembl_human_other_chrs_92-star (930335, 56)
Matched
0    630757
1    299578
Name: count, dtype: int64
Precision: 0.858
Recall: 0.813
ROC curve (area = 0.943)
               TP  Precision
sample_id                   
-1          671.0   0.561977
 0         2320.0   0.821239
 1         1343.0   0.840952
 2         3872.0   0.782538
 3         3899.0   0.786089
...           ...        ...
 87         860.0   0.880246
 88        2364.0   0.825131
 89        2313.0   0.813291
 90        2857.0   0.804336
 91        3471.0   0.793734

[93 rows x 2 columns]
Meta ROC curve (area = 0.840)
    Prob  True Positives  Precision  F1 score
0   0.00           31525        8.1  0.102739
1   0.05           30851       10.4  0.118663
2   0.10           27718       14.5  0.133818
3   0.15           24754       19.3  0.140753
4   0.20           21567       25.7  0.140384
5   0.25           18547       33.1  0.132796
6   0.30           16009       41.2  0.122103
7   0.35           13981       49.1  0.111037
8   0.40           12203       56.0  0.099553
9   0.45           10827       62.9  0.090015
10  0.50            9575       69.5  0.080754
11  0.55            8478       75.3  0.072272
12  0.60            7506       80.5  0.064519
13  0.65            6681       85.3  0.057798
14  0.70            5893       89.7  0.051260
15  0.75            5196       93.1  0.045392
16  0.80            4515       95.2  0.039588
17  0.85            3803       96.8  0.033465
18  0.90            3140       98.4  0.027721
19  0.95            2263       99.5  0.020059

----------transmeta----------
   true_positives_transmeta  precision_transmeta(%)  true_positives_Aletsch  precision_Aletsch(%)  +(abs,%)  Fscore_transmeta(%)
0                      7714                    58.3                    7714                  79.2      20.9                  6.5
1                      4763                    86.0                    4763                  94.3       8.3                  4.2
   precision_transmeta  true_positives_transmeta  precision_Aletsch  true_positives_Aletsch  +(rlt,%)  Fscore_transmeta(%)
0                0.583                      7714               58.3                   11706      51.8                  6.5
1                0.860                      4763               86.0                    6580      38.1                  4.2
[0.985 0.987 0.984 0.982 0.984 0.98  0.975 0.968 0.948 0.913 0.891 0.876
 0.866 0.86  0.805 0.596 0.583] [0.00212217 0.00273107 0.00378768 0.00459356 0.00573972 0.00712316
 0.00909758 0.01055714 0.01346729 0.01699081 0.01880854 0.02027257
 0.02099787 0.0213247  0.02419456 0.03386074 0.03453679]
Area under the PR curve: 0.02773927720768638
Aletsch rpAUC:
[1.         1.         1.         ... 0.79229584 0.79221446 0.7922358 ] [0.00212217 0.00212665 0.00213113 ... 0.03453232 0.03453232 0.03453679]
Area under the PR curve: 0.030481638179474333

----------psiclass----------
   true_positives_psiclass  precision_psiclass(%)  true_positives_Aletsch  precision_Aletsch(%)  +(abs,%)  Fscore_psiclass(%)
0                     4721                   45.4                    4721                  94.4      49.0                 4.0
1                     1824                   95.9                    1824                  99.9       4.0                 1.6
   precision_psiclass  true_positives_psiclass  precision_Aletsch  true_positives_Aletsch  +(rlt,%)  Fscore_psiclass(%)
0               0.454                     4721               45.4                   14971     217.1                 4.0
1               0.959                     1824               95.9                    4245     132.7                 1.6
[0.995 1.    1.    1.    1.    1.    0.995 1.    1.    0.991 0.991 0.985
 0.985 0.978 0.959 0.882 0.454] [0.00097602 0.00097602 0.00097602 0.00097602 0.00097602 0.00097602
 0.00097602 0.00097602 0.00097602 0.00098497 0.00102079 0.00121331
 0.00201024 0.00477713 0.00816634 0.01213757 0.02113666]
Area under the PR curve: 0.016684655885671307
Aletsch rpAUC:
[1.         1.         1.         ... 0.94418884 0.9442     0.9440112 ] [0.00097602 0.0009805  0.00098497 ... 0.02113218 0.02113666 0.02113666]
Area under the PR curve: 0.019875025810966594

----------st2merge----------
   true_positives_st2merge  precision_st2merge(%)  true_positives_Aletsch  precision_Aletsch(%)  +(abs,%)  Fscore_st2merge(%)
0                    10018                   21.4                   10018                  67.3      45.9                 7.4
1                    10018                   21.4                   10018                  67.3      45.9                 7.4
   precision_st2merge  true_positives_st2merge  precision_Aletsch  true_positives_Aletsch  +(rlt,%)  Fscore_st2merge(%)
0               0.214                    10018               21.4                   23721     136.8                 7.4
1               0.214                    10018               21.4                   23721     136.8                 7.4
[1.    1.    1.    0.978 0.969 0.978 0.979 0.96  0.95  0.945 0.921 0.773
 0.425 0.245 0.214 0.214 0.214] [4.47715754e-05 9.40203084e-05 1.56700514e-04 1.96994932e-04
 2.82060925e-04 3.93989864e-04 6.31279213e-04 8.64091406e-04
 1.69236555e-03 3.29518795e-03 5.45317789e-03 1.12913913e-02
 2.21261126e-02 3.93004889e-02 4.48521643e-02 4.48521643e-02
 4.48521643e-02]
Area under the PR curve: 0.02358702474972689
Aletsch rpAUC:
[1.         1.         1.         ... 0.67275536 0.67271018 0.67266501] [4.47715754e-05 4.92487330e-05 5.37258905e-05 ... 4.48521643e-02
 4.48521643e-02 4.48521643e-02]
Area under the PR curve: 0.04010655302693074

----------sc2taco----------
   true_positives_sc2taco  precision_sc2taco(%)  true_positives_Aletsch  precision_Aletsch(%)  +(abs,%)  Fscore_sc2taco(%)
0                    9266                  23.6                    9266                  70.9      47.3                7.1
1                    9265                  23.6                    9265                  70.9      47.3                7.1
   precision_sc2taco  true_positives_sc2taco  precision_Aletsch  true_positives_Aletsch  +(rlt,%)  Fscore_sc2taco(%)
0              0.236                    9266               23.6                   22594     143.8                7.1
1              0.236                    9265               23.6                   22594     143.9                7.1
[0.648 0.63  0.583 0.546 0.494 0.435 0.354 0.323 0.277 0.25  0.241 0.236
 0.236 0.236 0.236 0.236 0.236] [0.00620534 0.00776787 0.01019449 0.0119361  0.01455524 0.01857573
 0.02515267 0.02878812 0.0353203  0.03947062 0.04093465 0.0413958
 0.04148086 0.04148534 0.04148982 0.04148982 0.04148982]
Area under the PR curve: 0.0140528685148373
Aletsch rpAUC:
[1.         1.         1.         ... 0.70944032 0.70938601 0.70940825] [0.00620534 0.00620982 0.00621429 ... 0.04148534 0.04148534 0.04148982]
Area under the PR curve: 0.031622915388898054
Aletsch pAUC:
[1.         1.         1.         ... 0.67275536 0.67271018 0.67266501] [0.00000000e+00 4.47715754e-06 8.95431508e-06 ... 4.48521643e-02
 4.48521643e-02 4.48521643e-02]
Area under the PR curve: 0.040151329570852226
