aletsch-39.ensembl.allchrs.(en+xx230+sc-human192+sc-xpress500&1066).joblib
max_cnt:  13
Load and Normalize:  PRJNA489891_ensembl_other_chrs-star (837197, 56)
Matched
0    596259
1    240938
Name: count, dtype: int64
Precision: 0.617
Recall: 0.843
ROC curve (area = 0.901)
                TP  Precision
sample_id                    
-1            26.0   0.282609
 0         16466.0   0.576581
 1         17817.0   0.540368
 2         17320.0   0.560246
 3         18072.0   0.553575
 4         18411.0   0.547800
 5         18315.0   0.549060
 6         18183.0   0.545823
 7         18413.0   0.552015
 8         17837.0   0.551376
 9         18234.0   0.560787
 10        18504.0   0.547910
 11        17562.0   0.554864
Meta ROC curve (area = 0.848)
    Prob  True Positives  Precision  F1 score
0   0.00           44361       10.4  0.136747
1   0.05           44337       10.5  0.137497
2   0.10           44021       11.2  0.142772
3   0.15           42401       13.7  0.159421
4   0.20           39278       18.6  0.180839
5   0.25           35674       24.7  0.193924
6   0.30           32432       30.9  0.197502
7   0.35           29601       36.6  0.194613
8   0.40           27240       42.2  0.189186
9   0.45           25173       47.4  0.182098
10  0.50           23293       52.3  0.173878
11  0.55           21635       56.7  0.165460
12  0.60           20109       61.3  0.157000
13  0.65           18750       65.7  0.148872
14  0.70           17399       70.0  0.140198
15  0.75           16055       74.3  0.131079
16  0.80           14589       78.7  0.120622
17  0.85           13033       83.1  0.109045
18  0.90           11131       88.2  0.094342
19  0.95            8254       94.0  0.071112

----------transmeta----------
   true_positives_transmeta  precision_transmeta(%)  true_positives_Aletsch  precision_Aletsch(%)  +(abs,%)  Fscore_transmeta(%)
0                     23276                    39.0                   23276                  52.3      13.3                 16.4
1                     20498                    48.1                   20498                  60.0      11.9                 15.4
   precision_transmeta  true_positives_transmeta  precision_Aletsch  true_positives_Aletsch  +(rlt,%)  Fscore_transmeta(%)
0                0.390                     23276               39.0                   28608      22.9                 16.4
1                0.481                     20498               48.1                   24860      21.3                 15.4
[0.902 0.895 0.883 0.875 0.862 0.838 0.801 0.78  0.733 0.683 0.645 0.58
 0.531 0.481 0.422 0.406 0.39 ] [0.02241265 0.02618242 0.0309103  0.03397267 0.03772901 0.04195097
 0.04807572 0.05144254 0.05822096 0.06562618 0.07133007 0.07938448
 0.0858495  0.09177278 0.10032862 0.10245975 0.10421032]
Area under the PR curve: 0.055935750550690375
Aletsch rpAUC:
[0.97525813 0.97506817 0.97507303 ... 0.52305722 0.52304546 0.52305618] [0.02241265 0.02241265 0.02241713 ... 0.10420584 0.10420584 0.10421032]
Area under the PR curve: 0.06398865909027796

----------psiclass----------
   true_positives_psiclass  precision_psiclass(%)  true_positives_Aletsch  precision_Aletsch(%)  +(abs,%)  Fscore_psiclass(%)
0                    23144                   34.8                   23144                  52.6      17.8                16.0
1                    19982                   47.1                   19982                  61.7      14.6                15.0
   precision_psiclass  true_positives_psiclass  precision_Aletsch  true_positives_Aletsch  +(rlt,%)  Fscore_psiclass(%)
0               0.348                    23144               34.8                   30449      31.6                16.0
1               0.471                    19982               47.1                   25264      26.4                15.0
[0.704 0.704 0.704 0.703 0.703 0.702 0.701 0.699 0.696 0.691 0.684 0.658
 0.615 0.536 0.471 0.411 0.348] [0.05592865 0.05594208 0.05598238 0.05600476 0.05606744 0.05614356
 0.05638532 0.05652411 0.05698526 0.05801948 0.05923727 0.06285481
 0.06935117 0.08147084 0.08946256 0.09642454 0.10361933]
Area under the PR curve: 0.025655630473325093
Aletsch rpAUC:
[0.84646656 0.84647696 0.84641962 ... 0.52621646 0.5262045  0.52619253] [0.05593313 0.05593761 0.05593761 ... 0.10361486 0.10361486 0.10361486]
Area under the PR curve: 0.032695561628788734

----------st2merge----------
   true_positives_st2merge  precision_st2merge(%)  true_positives_Aletsch  precision_Aletsch(%)  +(abs,%)  Fscore_st2merge(%)
0                    17705                   39.0                   17705                  69.0      30.0                13.2
1                    17705                   39.0                   17705                  69.0      30.0                13.2
   precision_st2merge  true_positives_st2merge  precision_Aletsch  true_positives_Aletsch  +(rlt,%)  Fscore_st2merge(%)
0                0.39                    17705               39.0                   28608      61.6                13.2
1                0.39                    17705               39.0                   28608      61.6                13.2
[0.822 0.824 0.821 0.825 0.823 0.817 0.802 0.79  0.75  0.675 0.607 0.476
 0.39  0.39  0.39  0.39  0.39 ] [0.00499203 0.00642472 0.0085648  0.0101139  0.01267483 0.01653862
 0.02270814 0.02676445 0.03619782 0.04650424 0.05484518 0.0691094
 0.07926807 0.07926807 0.07926807 0.07926807 0.07926807]
Area under the PR curve: 0.04979213452962983
Aletsch rpAUC:
[0.99376114 0.9937667  0.99377224 ... 0.69030724 0.69028032 0.69025341] [0.00499203 0.00499651 0.00500098 ... 0.07926807 0.07926807 0.07926807]
Area under the PR curve: 0.06606293037265822

----------sc2taco----------
   true_positives_sc2taco  precision_sc2taco(%)  true_positives_Aletsch  precision_Aletsch(%)  +(abs,%)  Fscore_sc2taco(%)
0                   20307                  32.9                   20307                  60.6      27.7               14.2
1                   20130                  33.7                   20130                  61.2      27.5               14.2
   precision_sc2taco  true_positives_sc2taco  precision_Aletsch  true_positives_Aletsch  +(rlt,%)  Fscore_sc2taco(%)
0              0.329                   20307               32.9                   31365      54.5               14.2
1              0.337                   20130               33.7                   31011      54.1               14.2
[0.912 0.896 0.887 0.884 0.877 0.864 0.869 0.859 0.84  0.813 0.777 0.694
 0.589 0.439 0.359 0.337 0.329] [0.00245348 0.0031161  0.00416376 0.00501442 0.00637547 0.00828722
 0.01252709 0.01519547 0.02171869 0.03039542 0.03772901 0.04950841
 0.06188327 0.07886065 0.08742546 0.09012518 0.09091764]
Area under the PR curve: 0.059620507172406384
Aletsch rpAUC:
[0.99455535 0.99456522 0.99457505 ... 0.60605247 0.60603438 0.60601629] [0.00245348 0.00245796 0.00246244 ... 0.09091764 0.09091764 0.09091764]
Area under the PR curve: 0.07613870816393556
Aletsch pAUC:
[1.         1.         1.         ... 0.52305722 0.52304546 0.52305618] [0.00000000e+00 4.47715754e-06 8.95431508e-06 ... 1.04205842e-01
 1.04205842e-01 1.04210319e-01]
Area under the PR curve: 0.0860778270037382
