aletsch-39.ensembl.allchrs.(en+xx230+sc-human192+sc-xpress500&1066).joblib
max_cnt:  45
Load and Normalize:  PRJEB18790_ensembl-star (2690552, 56)
Matched
0    1919326
1     771226
Name: count, dtype: int64
Precision: 0.541
Recall: 0.918
ROC curve (area = 0.912)
                TP  Precision
sample_id                    
-1           327.0   0.211104
 0         17212.0   0.471807
 1         17290.0   0.474283
 2         16161.0   0.493601
 3         17416.0   0.472081
 4         17634.0   0.469114
 5         11917.0   0.578271
 6         10015.0   0.607485
 7         16107.0   0.494839
 8         16643.0   0.483822
 9         17599.0   0.464341
 10        13386.0   0.546769
 11        15724.0   0.499190
 12        18078.0   0.465125
 13        17743.0   0.461769
 14        16448.0   0.497459
 15        18025.0   0.460609
 16        17692.0   0.466450
 17        17117.0   0.472519
 18        14193.0   0.537756
 19        11109.0   0.580044
 20        17360.0   0.471573
 21        16748.0   0.478815
 22        17549.0   0.468173
 23        17800.0   0.470489
 24        16117.0   0.497362
 25        18507.0   0.461613
 26        16110.0   0.507210
 27        18646.0   0.466512
 28        15606.0   0.509983
 29        15711.0   0.507527
 30        17885.0   0.471477
 31        17726.0   0.477571
 32        18564.0   0.454822
 33        15717.0   0.519880
 34        17320.0   0.482639
 35        18012.0   0.474775
 36        18318.0   0.466986
 37        16208.0   0.499753
 38        18286.0   0.472055
 39        17909.0   0.468724
 40        16651.0   0.489059
 41        16059.0   0.508148
 42        16418.0   0.501420
 43        18636.0   0.458563
Meta ROC curve (area = 0.861)
    Prob  True Positives  Precision  F1 score
0   0.00           38654        5.1  0.088326
1   0.05           38617        5.2  0.090095
2   0.10           37973        5.8  0.098144
3   0.15           36289        7.4  0.119208
4   0.20           34000        9.9  0.147007
5   0.25           31427       13.8  0.180733
6   0.30           29044       18.6  0.210019
7   0.35           26970       23.7  0.230271
8   0.40           25215       29.1  0.243325
9   0.45           23592       34.4  0.249523
10  0.50           22117       39.6  0.250649
11  0.55           20813       44.8  0.249107
12  0.60           19668       50.0  0.245982
13  0.65           18619       55.2  0.241257
14  0.70           17613       60.3  0.235116
15  0.75           16553       65.4  0.226872
16  0.80           15474       70.5  0.217097
17  0.85           14281       75.4  0.204659
18  0.90           12685       81.0  0.186181
19  0.95            9939       87.7  0.150651

----------transmeta----------
   true_positives_transmeta  precision_transmeta(%)  true_positives_Aletsch  precision_Aletsch(%)  +(abs,%)  Fscore_transmeta(%)
0                     20630                    37.7                   20630                  45.6       7.9                 23.5
1                     18954                    46.2                   18954                  53.3       7.1                 23.5
   precision_transmeta  true_positives_transmeta  precision_Aletsch  true_positives_Aletsch  +(rlt,%)  Fscore_transmeta(%)
0                0.377                     20630               37.7                   22663       9.9                 23.5
1                0.462                     18954               46.2                   20488       8.1                 23.5
[0.833 0.817 0.798 0.784 0.769 0.747 0.714 0.695 0.658 0.609 0.577 0.529
 0.495 0.462 0.42  0.391 0.377] [0.07250763 0.07861004 0.0859147  0.09029252 0.0956653  0.10267146
 0.1111452  0.11532402 0.12386409 0.13289334 0.13898746 0.14708809
 0.15279252 0.15715375 0.1637039  0.1690601  0.17105001]
Area under the PR curve: 0.06343558470416555
Aletsch rpAUC:
[0.89784394 0.89785443 0.89786491 ... 0.45552709 0.45551704 0.45552906] [0.07250763 0.07251592 0.07252421 ... 0.17104172 0.17104172 0.17105001]
Area under the PR curve: 0.07046250374325908

----------psiclass----------
   true_positives_psiclass  precision_psiclass(%)  true_positives_Aletsch  precision_Aletsch(%)  +(abs,%)  Fscore_psiclass(%)
0                    19877                   36.4                   19877                  49.2      12.8                22.7
1                    17205                   52.5                   17205                  62.3       9.8                22.4
   precision_psiclass  true_positives_psiclass  precision_Aletsch  true_positives_Aletsch  +(rlt,%)  Fscore_psiclass(%)
0               0.364                    19877               36.4                   23036      15.9                22.7
1               0.525                    17205               52.5                   19144      11.3                22.4
[0.771 0.77  0.77  0.769 0.768 0.767 0.764 0.762 0.755 0.745 0.731 0.695
 0.645 0.574 0.525 0.476 0.364] [0.09194249 0.09199224 0.09207515 0.0921249  0.09220781 0.09234047
 0.09264725 0.09293745 0.09371683 0.09579796 0.09863359 0.10686687
 0.11769534 0.13335765 0.14265223 0.14940966 0.16480665]
Area under the PR curve: 0.04263473401432741
Aletsch rpAUC:
[0.85457768 0.85458889 0.85453425 ... 0.49156692 0.49149399 0.49142108] [0.09194249 0.09195078 0.09195907 ... 0.16480665 0.16480665 0.16480665]
Area under the PR curve: 0.050474645329182256

----------st2merge----------
   true_positives_st2merge  precision_st2merge(%)  true_positives_Aletsch  precision_Aletsch(%)  +(abs,%)  Fscore_st2merge(%)
0                    15829                   36.4                   15829                  68.8      32.4                19.3
1                    15829                   36.4                   15829                  68.8      32.4                19.3
   precision_st2merge  true_positives_st2merge  precision_Aletsch  true_positives_Aletsch  +(rlt,%)  Fscore_st2merge(%)
0               0.364                    15829               36.4                   23036      45.5                19.3
1               0.364                    15829               36.4                   23036      45.5                19.3
[0.88  0.873 0.858 0.855 0.842 0.821 0.782 0.756 0.699 0.624 0.557 0.452
 0.396 0.371 0.364 0.364 0.364] [0.0108036  0.01374702 0.01886276 0.02250265 0.02796664 0.03648183
 0.04939142 0.05694481 0.07340309 0.0902179  0.10209107 0.12072168
 0.12822533 0.13061323 0.13124337 0.13124337 0.13124337]
Area under the PR curve: 0.08183284690899442
Aletsch rpAUC:
[0.97240865 0.97242921 0.97244974 ... 0.68805425 0.68802434 0.6880379 ] [0.01081189 0.01082018 0.01082847 ... 0.13123508 0.13123508 0.13124337]
Area under the PR curve: 0.10586164703673015

----------sc2taco----------
   true_positives_sc2taco  precision_sc2taco(%)  true_positives_Aletsch  precision_Aletsch(%)  +(abs,%)  Fscore_sc2taco(%)
0                   18651                  26.4                   18651                  54.9      28.5               19.5
1                   18500                  27.1                   18500                  55.8      28.7               19.6
   precision_sc2taco  true_positives_sc2taco  precision_Aletsch  true_positives_Aletsch  +(rlt,%)  Fscore_sc2taco(%)
0              0.264                   18651               26.4                   26042      39.6               19.5
1              0.271                   18500               27.1                   25823      39.6               19.6
[0.577 0.595 0.609 0.629 0.633 0.615 0.621 0.635 0.614 0.577 0.536 0.456
 0.393 0.333 0.294 0.271 0.264] [0.0033414  0.00436953 0.00604438 0.00742903 0.00957648 0.01296763
 0.01984114 0.02473302 0.03768407 0.05363657 0.06654617 0.08807044
 0.10870755 0.13267777 0.14664036 0.15338949 0.15464148]
Area under the PR curve: 0.07278721560758822
Aletsch rpAUC:
[0.96642686 0.96650718 0.96658711 ... 0.54948001 0.54933435 0.5491726 ] [0.0033414  0.00334969 0.00335799 ... 0.15464148 0.15464148 0.15464148]
Area under the PR curve: 0.12764222864820415
Aletsch pAUC:
[1.         1.         1.         ... 0.45552709 0.45551704 0.45552906] [0.00000000e+00 8.29132396e-06 1.65826479e-05 ... 1.71041722e-01
 1.71041722e-01 1.71050013e-01]
Area under the PR curve: 0.13907004403986015
