aletsch-39.ensembl.chr1.(en+xx230+sc-human100+sc-xpress500&1066).joblib
max_cnt:  74
Load and Normalize:  PRJNA575230_ensembl_other_chrs-star (3803201, 56)
Matched
0    3043236
1     759965
Name: count, dtype: int64
Precision: 0.678
Recall: 0.717
ROC curve (area = 0.903)
                TP  Precision
sample_id                    
-1           353.0   0.351594
 0          9735.0   0.621251
 1         11017.0   0.566776
 2         10622.0   0.574069
 3          8135.0   0.580657
...            ...        ...
 68         9358.0   0.571795
 69         8182.0   0.575063
 70         9316.0   0.583673
 71         8245.0   0.581822
 72         9289.0   0.586946

[74 rows x 2 columns]
Meta ROC curve (area = 0.834)
    Prob  True Positives  Precision  F1 score
0   0.00           54463        4.5  0.075972
1   0.05           52456        5.8  0.093068
2   0.10           47411        8.2  0.118421
3   0.15           40973       12.2  0.146463
4   0.20           35079       17.8  0.166899
5   0.25           30151       24.6  0.174418
6   0.30           26034       32.3  0.171278
7   0.35           22463       40.3  0.160980
8   0.40           19517       48.4  0.148041
9   0.45           17024       55.7  0.134089
10  0.50           14994       62.4  0.121214
11  0.55           13342       68.7  0.109917
12  0.60           11770       74.0  0.098390
13  0.65           10511       79.2  0.088841
14  0.70            9322       83.3  0.079491
15  0.75            8338       86.5  0.071573
16  0.80            7397       89.2  0.063863
17  0.85            6447       91.6  0.055965
18  0.90            5370       94.3  0.046889
19  0.95            3870       96.6  0.034043

----------transmeta----------
   true_positives_transmeta  precision_transmeta(%)  true_positives_Aletsch  precision_Aletsch(%)  +(abs,%)  Fscore_transmeta(%)
0                     17297                    36.9                   17297                  54.9      18.0                 12.8
1                     13567                    52.4                   13567                  67.8      15.4                 10.9
   precision_transmeta  true_positives_transmeta  precision_Aletsch  true_positives_Aletsch  +(rlt,%)  Fscore_transmeta(%)
0                0.369                     17297               36.9                   23877      38.0                 12.8
1                0.524                     13567               52.4                   18071      33.2                 10.9
Area under the PR curve: 0.04521135541467433
Aletsch rpAUC:
Area under the PR curve: 0.05396828417714286

----------psiclass----------
   true_positives_psiclass  precision_psiclass(%)  true_positives_Aletsch  precision_Aletsch(%)  +(abs,%)  Fscore_psiclass(%)
0                    15794                   27.0                   15794                  59.7      32.7                11.2
1                    10894                   57.2                   10894                  77.6      20.4                 9.0
   precision_psiclass  true_positives_psiclass  precision_Aletsch  true_positives_Aletsch  +(rlt,%)  Fscore_psiclass(%)
0               0.270                    15794               27.0                   28779      82.2                11.2
1               0.572                    10894               57.2                   16597      52.3                 9.0
Area under the PR curve: 0.03015993526030194
Aletsch rpAUC:
Area under the PR curve: 0.04113453487736686

----------st2merge----------
   true_positives_st2merge  precision_st2merge(%)  true_positives_Aletsch  precision_Aletsch(%)  +(abs,%)  Fscore_st2merge(%)
0                    16331                   17.1                   16331                  58.0      40.9                10.2
1                    16331                   17.1                   16331                  58.0      40.9                10.2
   precision_st2merge  true_positives_st2merge  precision_Aletsch  true_positives_Aletsch  +(rlt,%)  Fscore_st2merge(%)
0               0.171                    16331               17.1                   35646     118.3                10.2
1               0.171                    16331               17.1                   35646     118.3                10.2
Area under the PR curve: 0.03125482189867297
Aletsch rpAUC:
Area under the PR curve: 0.05965863953863716

----------sc2taco----------
   true_positives_sc2taco  precision_sc2taco(%)  true_positives_Aletsch  precision_Aletsch(%)  +(abs,%)  Fscore_sc2taco(%)
0                   18728                  16.2                   18728                  50.5      34.3               11.1
1                   18690                  16.2                   18690                  50.6      34.4               11.0
   precision_sc2taco  true_positives_sc2taco  precision_Aletsch  true_positives_Aletsch  +(rlt,%)  Fscore_sc2taco(%)
0              0.162                   18728               16.2                   36521      95.0               11.1
1              0.162                   18690               16.2                   36521      95.4               11.0
Area under the PR curve: 0.028461286018732428
Aletsch rpAUC:
Area under the PR curve: 0.06506360939491487
Aletsch pAUC:
Area under the PR curve: 0.06713113329233708
