aletsch-39.ensembl.allchrs.(en+xx230+sc-human192+sc-xpress500&1066).joblib
max_cnt:  13
Load and Normalize:  PRJNA489891_ensembl_chr1-star (92622, 56)
Matched
0    66372
1    26250
Name: count, dtype: int64
Precision: 0.608
Recall: 0.854
ROC curve (area = 0.905)
               TP  Precision
sample_id                   
-1            4.0   0.500000
 0         1807.0   0.565571
 1         1976.0   0.537980
 2         1983.0   0.552214
 3         1909.0   0.548406
 4         2015.0   0.538194
 5         2057.0   0.540179
 6         2000.0   0.538938
 7         2033.0   0.540835
 8         1942.0   0.542913
 9         1943.0   0.542283
 10        2054.0   0.530612
 11        1967.0   0.552373
Meta ROC curve (area = 0.846)
    Prob  True Positives  Precision  F1 score
0   0.00            4692       10.1  0.034767
1   0.05            4685       10.2  0.034777
2   0.10            4647       10.8  0.034899
3   0.15            4471       13.3  0.034799
4   0.20            4147       17.9  0.033641
5   0.25            3769       23.6  0.031496
6   0.30            3422       29.4  0.029125
7   0.35            3176       35.4  0.027341
8   0.40            2938       40.9  0.025488
9   0.45            2690       45.7  0.023469
10  0.50            2497       50.5  0.021874
11  0.55            2340       56.0  0.020568
12  0.60            2220       60.6  0.019558
13  0.65            2082       65.0  0.018379
14  0.70            1955       69.8  0.017289
15  0.75            1800       74.1  0.015944
16  0.80            1678       78.6  0.014883
17  0.85            1507       82.6  0.013385
18  0.90            1278       86.5  0.011368
19  0.95             953       92.8  0.008494

----------transmeta----------
   true_positives_transmeta  precision_transmeta(%)  true_positives_Aletsch  precision_Aletsch(%)  +(abs,%)  Fscore_transmeta(%)
0                      2597                    39.2                    2597                  47.9       8.7                  2.3
1                      2276                    47.1                    2276                  58.4      11.3                  2.0
   precision_transmeta  true_positives_transmeta  precision_Aletsch  true_positives_Aletsch  +(rlt,%)  Fscore_transmeta(%)
0                0.392                      2597               39.2                    3021      16.3                  2.3
1                0.471                      2276               47.1                    2637      15.9                  2.0
[0.918 0.899 0.882 0.863 0.851 0.823 0.793 0.764 0.722 0.675 0.628 0.568
 0.518 0.471 0.42  0.406 0.392] [0.0025475  0.00293702 0.00342503 0.00382797 0.00426225 0.0047816
 0.00552481 0.00591433 0.00671126 0.00747238 0.0080365  0.0089185
 0.00959455 0.01019001 0.01118842 0.01145257 0.01162718]
Area under the PR curve: 0.00615446865094289
Aletsch rpAUC:
[0.95952782 0.95959596 0.95966387 ... 0.4791436  0.47923971 0.47915129] [0.0025475  0.00255198 0.00255646 ... 0.0116227  0.01162718 0.01162718]
Area under the PR curve: 0.0070163194141326865

----------psiclass----------
   true_positives_psiclass  precision_psiclass(%)  true_positives_Aletsch  precision_Aletsch(%)  +(abs,%)  Fscore_psiclass(%)
0                     2520                   34.5                    2520                  50.2      15.7                 2.2
1                     2194                   47.0                    2194                  61.6      14.6                 1.9
   precision_psiclass  true_positives_psiclass  precision_Aletsch  true_positives_Aletsch  +(rlt,%)  Fscore_psiclass(%)
0               0.345                     2520               34.5                    3207      27.3                 2.2
1               0.470                     2194               47.0                    2642      20.4                 1.9
[0.698 0.698 0.698 0.698 0.698 0.698 0.698 0.697 0.694 0.69  0.684 0.666
 0.62  0.541 0.47  0.404 0.345] [0.00641129 0.00641129 0.00641129 0.00641577 0.00642472 0.00644263
 0.00647397 0.00649636 0.00656799 0.0066844  0.00683214 0.00723061
 0.0078798  0.00900804 0.00982288 0.01053923 0.01128244]
Area under the PR curve: 0.0026358571070398827
Aletsch rpAUC:
[0.84037559 0.83948448 0.84046921 ... 0.50169289 0.50159299 0.50169222] [0.00641129 0.00641577 0.00641577 ... 0.01127796 0.01127796 0.01128244]
Area under the PR curve: 0.0033222958369771302

----------st2merge----------
   true_positives_st2merge  precision_st2merge(%)  true_positives_Aletsch  precision_Aletsch(%)  +(abs,%)  Fscore_st2merge(%)
0                     2484                   20.2                    2484                  50.8      30.6                 2.1
1                     2484                   20.2                    2484                  50.8      30.6                 2.1
   precision_st2merge  true_positives_st2merge  precision_Aletsch  true_positives_Aletsch  +(rlt,%)  Fscore_st2merge(%)
0               0.202                     2484               20.2                    3974      60.0                 2.1
1               0.202                     2484               20.2                    3974      60.0                 2.1
[0.959 0.943 0.948 0.929 0.921 0.897 0.861 0.835 0.764 0.676 0.607 0.473
 0.346 0.232 0.202 0.202 0.202] [0.00063128 0.00081484 0.00105661 0.0012357  0.0015088  0.00186697
 0.00260571 0.00300417 0.00397572 0.00516664 0.00614266 0.00762908
 0.00926324 0.01071384 0.01112126 0.01112126 0.01112126]
Area under the PR curve: 0.006376497609197873
Aletsch rpAUC:
[0.98601399 0.98611111 0.9862069  ... 0.50776778 0.50766401 0.50756028] [0.00063128 0.00063576 0.00064023 ... 0.01112126 0.01112126 0.01112126]
Area under the PR curve: 0.008630991369996672

----------sc2taco----------
   true_positives_sc2taco  precision_sc2taco(%)  true_positives_Aletsch  precision_Aletsch(%)  +(abs,%)  Fscore_sc2taco(%)
0                    2161                  33.4                    2161                  62.9      29.5                1.9
1                    2163                  33.4                    2163                  62.8      29.4                1.9
   precision_sc2taco  true_positives_sc2taco  precision_Aletsch  true_positives_Aletsch  +(rlt,%)  Fscore_sc2taco(%)
0              0.334                    2161               33.4                    3253      50.5                1.9
1              0.334                    2163               33.4                    3253      50.4                1.9
[0.871 0.862 0.836 0.811 0.79  0.761 0.703 0.671 0.593 0.497 0.435 0.363
 0.344 0.334 0.334 0.334 0.335] [0.00250273 0.00295492 0.00351457 0.00385036 0.00423091 0.00479056
 0.00552481 0.00587851 0.00673812 0.00775444 0.00853794 0.00930353
 0.00967514 0.00967514 0.00968409 0.00968409 0.00969752]
Area under the PR curve: 0.004569185515499919
Aletsch rpAUC:
[0.95883362 0.95890411 0.95897436 ... 0.62536106 0.62546925 0.62528868] [0.00250273 0.00250721 0.00251169 ... 0.00969305 0.00969752 0.00969752]
Area under the PR curve: 0.006004661515993893
Aletsch pAUC:
[1.         1.         1.         ... 0.4791436  0.47923971 0.47915129] [0.00000000e+00 4.47715754e-06 8.95431508e-06 ... 1.16227010e-02
 1.16271781e-02 1.16271781e-02]
Area under the PR curve: 0.009497077804807984
